#
# There is insufficient memory for the Java Runtime Environment to continue.
# Native memory allocation (mmap) failed to map 62914560 bytes for G1 virtual space
# Possible reasons:
#   The system is out of physical RAM or swap space
#   The process is running with CompressedOops enabled, and the Java Heap may be blocking the growth of the native heap
# Possible solutions:
#   Reduce memory load on the system
#   Increase physical memory or swap space
#   Check if swap backing store is full
#   Decrease Java heap size (-Xmx/-Xms)
#   Decrease number of Java threads
#   Decrease Java thread stack sizes (-Xss)
#   Set larger code cache with -XX:ReservedCodeCacheSize=
#   JVM is running with Unscaled Compressed Oops mode in which the Java heap is
#     placed in the first 4GB address space. The Java Heap base address is the
#     maximum limit for the native heap growth. Please use -XX:HeapBaseMinAddress
#     to set the Java Heap base and to place the Java Heap above 4GB virtual address.
# This output file may be truncated or incomplete.
#
#  Out of Memory Error (os_windows.cpp:3530), pid=9072, tid=14220
#
# JRE version: OpenJDK Runtime Environment Corretto-18.0.2.9.1 (18.0.2+9) (build 18.0.2+9-FR)
# Java VM: OpenJDK 64-Bit Server VM Corretto-18.0.2.9.1 (18.0.2+9-FR, mixed mode, sharing, tiered, compressed oops, compressed class ptrs, g1 gc, windows-amd64)
# No core dump will be written. Minidumps are not enabled by default on client versions of Windows
#

---------------  S U M M A R Y ------------

Command Line: --add-opens=java.base/java.util.concurrent.atomic=ALL-UNNAMED --add-opens=java.base/java.util=ALL-UNNAMED --add-opens=java.base/java.lang=ALL-UNNAMED --add-opens=java.base/java.lang.invoke=ALL-UNNAMED --add-opens=java.prefs/java.util.prefs=ALL-UNNAMED --add-opens=java.base/java.nio.charset=ALL-UNNAMED --add-opens=java.base/java.net=ALL-UNNAMED --add-opens=java.base/java.util.concurrent.atomic=ALL-UNNAMED -Xmx2048m -Dfile.encoding=UTF-8 -Duser.country=RU -Duser.language=ru -Duser.variant org.gradle.launcher.daemon.bootstrap.GradleDaemon 8.0.1

Host: Intel(R) Core(TM) i3-8100 CPU @ 3.60GHz, 4 cores, 11G,  Windows 10 , 64 bit Build 19041 (10.0.19041.2788)
Time: Sun Apr 30 18:00:00 2023  Windows 10 , 64 bit Build 19041 (10.0.19041.2788) elapsed time: 7.263240 seconds (0d 0h 0m 7s)

---------------  T H R E A D  ---------------

Current thread (0x00000142f6033f90):  VMThread "VM Thread" [stack: 0x0000003fea300000,0x0000003fea400000] [id=14220]

Stack: [0x0000003fea300000,0x0000003fea400000]
Native frames: (J=compiled Java code, j=interpreted, Vv=VM code, C=native code)
V  [jvm.dll+0x685a2a]
V  [jvm.dll+0x82ae8d]
V  [jvm.dll+0x82c75e]
V  [jvm.dll+0x82ce03]
V  [jvm.dll+0x25ef4b]
V  [jvm.dll+0x6828ca]
V  [jvm.dll+0x67745a]
V  [jvm.dll+0x3243f9]
V  [jvm.dll+0x32ba86]
V  [jvm.dll+0x37e00a]
V  [jvm.dll+0x37e24f]
V  [jvm.dll+0x2fb50a]
V  [jvm.dll+0x2fe396]
V  [jvm.dll+0x308ce9]
V  [jvm.dll+0x33d0e0]
V  [jvm.dll+0x831b3b]
V  [jvm.dll+0x8328c8]
V  [jvm.dll+0x832e15]
V  [jvm.dll+0x833254]
V  [jvm.dll+0x833315]
V  [jvm.dll+0x7d9cba]
V  [jvm.dll+0x6848a5]
C  [ucrtbase.dll+0x21bb2]
C  [KERNEL32.DLL+0x17604]
C  [ntdll.dll+0x526a1]

VM_Operation (0x0000003fe9fff840): G1Concurrent, mode: safepoint, requested by thread 0x00000142f602bbc0


---------------  P R O C E S S  ---------------

Threads class SMR info:
_java_thread_list=0x000001429a3ce240, length=81, elements={
0x00000142f5fba4b0, 0x0000014295b5eb40, 0x0000014295b5f6b0, 0x0000014295b78790,
0x0000014295b79040, 0x0000014295b798f0, 0x0000014295b7a1a0, 0x0000014295b7aec0,
0x0000014295b7b7b0, 0x0000014295b95430, 0x000001429a0a64b0, 0x000001429a0a8980,
0x000001429a0fc9d0, 0x000001429b48fb20, 0x000001429bb2c590, 0x000001429b1a88b0,
0x000001429b9885e0, 0x000001429ba353f0, 0x000001429abb4100, 0x000001429b7dda70,
0x000001429b7dedb0, 0x000001429b7dc730, 0x000001429b7dd5a0, 0x000001429b7dfc20,
0x000001429b7de410, 0x000001429b7dd0d0, 0x000001429b7de8e0, 0x000001429b7df280,
0x000001429b7df750, 0x000001429b7dcc00, 0x000001429b7e00f0, 0x000001429c2a2a30,
0x000001429c2a0d50, 0x000001429c29d860, 0x000001429c2a16f0, 0x000001429c2a2f00,
0x000001429c2a4240, 0x000001429c2a2560, 0x000001429c29e6d0, 0x000001429c29eba0,
0x000001429c29f070, 0x000001429c2a2090, 0x000001429c2a38a0, 0x000001429c2a0880,
0x000001429c2a1bc0, 0x000001429c2a3d70, 0x000001429d4dbe20, 0x000001429d4e14c0,
0x000001429d4dd160, 0x000001429d4ddfd0, 0x000001429d4de4a0, 0x000001429d4de970,
0x000001429d4dc7c0, 0x000001429d4dee40, 0x000001429d4dc2f0, 0x000001429d4dafb0,
0x000001429d4e2330, 0x000001429d4dd630, 0x000001429d4e2800, 0x000001429d4db480,
0x000001429d4ddb00, 0x000001429d4db950, 0x000001429d4df310, 0x000001429d4dcc90,
0x000001429d4df7e0, 0x000001429d4e1990, 0x000001429d4e0180, 0x000001429d4dfcb0,
0x000001429d4e0650, 0x000001429d4e0b20, 0x000001429d4e0ff0, 0x000001429d4e1e60,
0x000001429a1f4100, 0x000001429a1f3c30, 0x000001429a1eea60, 0x000001429a1f0c10,
0x000001429a1f45d0, 0x000001429a1f1a80, 0x000001429a1f10e0, 0x000001429a1f3760,
0x000001429a1f15b0
}

Java Threads: ( => current thread )
  0x00000142f5fba4b0 JavaThread "main" [_thread_blocked, id=8576, stack(0x0000003fe9d00000,0x0000003fe9e00000)]
  0x0000014295b5eb40 JavaThread "Reference Handler" daemon [_thread_blocked, id=7328, stack(0x0000003fea400000,0x0000003fea500000)]
  0x0000014295b5f6b0 JavaThread "Finalizer" daemon [_thread_blocked, id=1544, stack(0x0000003fea500000,0x0000003fea600000)]
  0x0000014295b78790 JavaThread "Signal Dispatcher" daemon [_thread_blocked, id=2100, stack(0x0000003fea600000,0x0000003fea700000)]
  0x0000014295b79040 JavaThread "Attach Listener" daemon [_thread_blocked, id=14584, stack(0x0000003fea700000,0x0000003fea800000)]
  0x0000014295b798f0 JavaThread "Service Thread" daemon [_thread_blocked, id=8052, stack(0x0000003fea800000,0x0000003fea900000)]
  0x0000014295b7a1a0 JavaThread "Monitor Deflation Thread" daemon [_thread_blocked, id=7832, stack(0x0000003fea900000,0x0000003feaa00000)]
  0x0000014295b7aec0 JavaThread "C2 CompilerThread0" daemon [_thread_blocked, id=12512, stack(0x0000003feaa00000,0x0000003feab00000)]
  0x0000014295b7b7b0 JavaThread "C1 CompilerThread0" daemon [_thread_blocked, id=4084, stack(0x0000003feab00000,0x0000003feac00000)]
  0x0000014295b95430 JavaThread "Sweeper thread" daemon [_thread_blocked, id=6864, stack(0x0000003feac00000,0x0000003fead00000)]
  0x000001429a0a64b0 JavaThread "Common-Cleaner" daemon [_thread_blocked, id=10168, stack(0x0000003fead00000,0x0000003feae00000)]
  0x000001429a0a8980 JavaThread "Notification Thread" daemon [_thread_blocked, id=8284, stack(0x0000003feae00000,0x0000003feaf00000)]
  0x000001429a0fc9d0 JavaThread "C2 CompilerThread1" daemon [_thread_blocked, id=3732, stack(0x0000003feb000000,0x0000003feb100000)]
  0x000001429b48fb20 JavaThread "Daemon health stats" [_thread_blocked, id=10220, stack(0x0000003feb400000,0x0000003feb500000)]
  0x000001429bb2c590 JavaThread "Incoming local TCP Connector on port 51324" [_thread_in_native, id=5544, stack(0x0000003feb500000,0x0000003feb600000)]
  0x000001429b1a88b0 JavaThread "Daemon periodic checks" [_thread_blocked, id=10512, stack(0x0000003feb600000,0x0000003feb700000)]
  0x000001429b9885e0 JavaThread "Daemon" [_thread_blocked, id=11736, stack(0x0000003feb700000,0x0000003feb800000)]
  0x000001429ba353f0 JavaThread "Handler for socket connection from /127.0.0.1:51324 to /127.0.0.1:51325" [_thread_in_native, id=6168, stack(0x0000003feb800000,0x0000003feb900000)]
  0x000001429abb4100 JavaThread "Cancel handler" [_thread_blocked, id=11728, stack(0x0000003feb900000,0x0000003feba00000)]
  0x000001429b7dda70 JavaThread "Daemon worker" [_thread_blocked, id=1040, stack(0x0000003feba00000,0x0000003febb00000)]
  0x000001429b7dedb0 JavaThread "Asynchronous log dispatcher for DefaultDaemonConnection: socket connection from /127.0.0.1:51324 to /127.0.0.1:51325" [_thread_blocked, id=10800, stack(0x0000003febb00000,0x0000003febc00000)]
  0x000001429b7dc730 JavaThread "Stdin handler" [_thread_blocked, id=10100, stack(0x0000003febc00000,0x0000003febd00000)]
  0x000001429b7dd5a0 JavaThread "Daemon client event forwarder" [_thread_blocked, id=12752, stack(0x0000003febd00000,0x0000003febe00000)]
  0x000001429b7dfc20 JavaThread "Cache worker for journal cache (D:\gradle\caches\journal-1)" [_thread_blocked, id=13972, stack(0x0000003febe00000,0x0000003febf00000)]
  0x000001429b7de410 JavaThread "File lock request listener" [_thread_in_native, id=1836, stack(0x0000003febf00000,0x0000003fec000000)]
  0x000001429b7dd0d0 JavaThread "Cache worker for file hash cache (D:\gradle\caches\8.0.1\fileHashes)" [_thread_blocked, id=10144, stack(0x0000003fec000000,0x0000003fec100000)]
  0x000001429b7de8e0 JavaThread "File watcher server" daemon [_thread_in_native, id=3764, stack(0x0000003fec100000,0x0000003fec200000)]
  0x000001429b7df280 JavaThread "File watcher consumer" daemon [_thread_blocked, id=1104, stack(0x0000003fec200000,0x0000003fec300000)]
  0x000001429b7df750 JavaThread "jar transforms" [_thread_blocked, id=13860, stack(0x0000003fec300000,0x0000003fec400000)]
  0x000001429b7dcc00 JavaThread "jar transforms Thread 2" [_thread_blocked, id=800, stack(0x0000003fec400000,0x0000003fec500000)]
  0x000001429b7e00f0 JavaThread "jar transforms Thread 3" [_thread_blocked, id=7108, stack(0x0000003fec500000,0x0000003fec600000)]
  0x000001429c2a2a30 JavaThread "jar transforms Thread 4" [_thread_blocked, id=11588, stack(0x0000003fec600000,0x0000003fec700000)]
  0x000001429c2a0d50 JavaThread "Cache worker for checksums cache (D:\AndroidStudioProjects\MySchool\buildSrc\.gradle\8.0.1\checksums)" [_thread_blocked, id=13132, stack(0x0000003fec700000,0x0000003fec800000)]
  0x000001429c29d860 JavaThread "Cache worker for cache directory md-rule (D:\gradle\caches\8.0.1\md-rule)" [_thread_blocked, id=12860, stack(0x0000003fec800000,0x0000003fec900000)]
  0x000001429c2a16f0 JavaThread "Cache worker for file content cache (D:\gradle\caches\8.0.1\fileContent)" [_thread_blocked, id=5028, stack(0x0000003fec900000,0x0000003feca00000)]
  0x000001429c2a2f00 JavaThread "Cache worker for file hash cache (D:\AndroidStudioProjects\MySchool\buildSrc\.gradle\8.0.1\fileHashes)" [_thread_blocked, id=8732, stack(0x0000003feca00000,0x0000003fecb00000)]
  0x000001429c2a4240 JavaThread "Cache worker for cache directory md-supplier (D:\gradle\caches\8.0.1\md-supplier)" [_thread_blocked, id=4532, stack(0x0000003fecb00000,0x0000003fecc00000)]
  0x000001429c2a2560 JavaThread "Cache worker for execution history cache (D:\gradle\caches\8.0.1\executionHistory)" [_thread_blocked, id=12904, stack(0x0000003fecc00000,0x0000003fecd00000)]
  0x000001429c29e6d0 JavaThread "Cache worker for dependencies-accessors (D:\AndroidStudioProjects\MySchool\buildSrc\.gradle\8.0.1\dependencies-accessors)" [_thread_blocked, id=14716, stack(0x0000003fecf00000,0x0000003fed000000)]
  0x000001429c29eba0 JavaThread "Cache worker for Build Output Cleanup Cache (D:\AndroidStudioProjects\MySchool\buildSrc\.gradle\buildOutputCleanup)" [_thread_blocked, id=7232, stack(0x0000003fed000000,0x0000003fed100000)]
  0x000001429c29f070 JavaThread "Memory manager" [_thread_blocked, id=9392, stack(0x0000003fed100000,0x0000003fed200000)]
  0x000001429c2a2090 JavaThread "Cache worker for kotlin-dsl (D:\gradle\caches\8.0.1\kotlin-dsl)" [_thread_blocked, id=9268, stack(0x0000003fed200000,0x0000003fed300000)]
  0x000001429c2a38a0 JavaThread "Unconstrained build operations" [_thread_blocked, id=7336, stack(0x0000003fed300000,0x0000003fed400000)]
  0x000001429c2a0880 JavaThread "Unconstrained build operations Thread 2" [_thread_blocked, id=2264, stack(0x0000003fed400000,0x0000003fed500000)]
  0x000001429c2a1bc0 JavaThread "Unconstrained build operations Thread 3" [_thread_blocked, id=2720, stack(0x0000003fed500000,0x0000003fed600000)]
  0x000001429c2a3d70 JavaThread "Unconstrained build operations Thread 4" [_thread_blocked, id=12380, stack(0x0000003fed600000,0x0000003fed700000)]
  0x000001429d4dbe20 JavaThread "Unconstrained build operations Thread 5" [_thread_blocked, id=5300, stack(0x0000003fed700000,0x0000003fed800000)]
  0x000001429d4e14c0 JavaThread "Unconstrained build operations Thread 6" [_thread_blocked, id=15180, stack(0x0000003fed800000,0x0000003fed900000)]
  0x000001429d4dd160 JavaThread "Unconstrained build operations Thread 7" [_thread_blocked, id=452, stack(0x0000003fed900000,0x0000003feda00000)]
  0x000001429d4ddfd0 JavaThread "Unconstrained build operations Thread 8" [_thread_blocked, id=15164, stack(0x0000003feda00000,0x0000003fedb00000)]
  0x000001429d4de4a0 JavaThread "Unconstrained build operations Thread 9" [_thread_blocked, id=892, stack(0x0000003fedb00000,0x0000003fedc00000)]
  0x000001429d4de970 JavaThread "Unconstrained build operations Thread 10" [_thread_blocked, id=7796, stack(0x0000003fedc00000,0x0000003fedd00000)]
  0x000001429d4dc7c0 JavaThread "Unconstrained build operations Thread 11" [_thread_blocked, id=15100, stack(0x0000003fedd00000,0x0000003fede00000)]
  0x000001429d4dee40 JavaThread "Unconstrained build operations Thread 12" [_thread_blocked, id=9836, stack(0x0000003fede00000,0x0000003fedf00000)]
  0x000001429d4dc2f0 JavaThread "Unconstrained build operations Thread 13" [_thread_blocked, id=13232, stack(0x0000003fedf00000,0x0000003fee000000)]
  0x000001429d4dafb0 JavaThread "Unconstrained build operations Thread 14" [_thread_blocked, id=14500, stack(0x0000003fee000000,0x0000003fee100000)]
  0x000001429d4e2330 JavaThread "Unconstrained build operations Thread 15" [_thread_blocked, id=2664, stack(0x0000003fee100000,0x0000003fee200000)]
  0x000001429d4dd630 JavaThread "Unconstrained build operations Thread 16" [_thread_blocked, id=5204, stack(0x0000003fee200000,0x0000003fee300000)]
  0x000001429d4e2800 JavaThread "Unconstrained build operations Thread 17" [_thread_blocked, id=4868, stack(0x0000003fee300000,0x0000003fee400000)]
  0x000001429d4db480 JavaThread "Unconstrained build operations Thread 18" [_thread_blocked, id=14940, stack(0x0000003fee400000,0x0000003fee500000)]
  0x000001429d4ddb00 JavaThread "Unconstrained build operations Thread 19" [_thread_blocked, id=14240, stack(0x0000003fee500000,0x0000003fee600000)]
  0x000001429d4db950 JavaThread "Unconstrained build operations Thread 20" [_thread_blocked, id=4976, stack(0x0000003fee600000,0x0000003fee700000)]
  0x000001429d4df310 JavaThread "Unconstrained build operations Thread 21" [_thread_blocked, id=680, stack(0x0000003fee700000,0x0000003fee800000)]
  0x000001429d4dcc90 JavaThread "Unconstrained build operations Thread 22" [_thread_blocked, id=8104, stack(0x0000003fee800000,0x0000003fee900000)]
  0x000001429d4df7e0 JavaThread "Unconstrained build operations Thread 23" [_thread_blocked, id=6232, stack(0x0000003fee900000,0x0000003feea00000)]
  0x000001429d4e1990 JavaThread "Unconstrained build operations Thread 24" [_thread_blocked, id=10012, stack(0x0000003feea00000,0x0000003feeb00000)]
  0x000001429d4e0180 JavaThread "Unconstrained build operations Thread 25" [_thread_blocked, id=15108, stack(0x0000003feeb00000,0x0000003feec00000)]
  0x000001429d4dfcb0 JavaThread "Unconstrained build operations Thread 26" [_thread_blocked, id=812, stack(0x0000003feec00000,0x0000003feed00000)]
  0x000001429d4e0650 JavaThread "Unconstrained build operations Thread 27" [_thread_blocked, id=14300, stack(0x0000003feed00000,0x0000003feee00000)]
  0x000001429d4e0b20 JavaThread "Unconstrained build operations Thread 28" [_thread_blocked, id=14620, stack(0x0000003feee00000,0x0000003feef00000)]
  0x000001429d4e0ff0 JavaThread "Unconstrained build operations Thread 29" [_thread_blocked, id=9980, stack(0x0000003feef00000,0x0000003fef000000)]
  0x000001429d4e1e60 JavaThread "Unconstrained build operations Thread 30" [_thread_blocked, id=1156, stack(0x0000003fef000000,0x0000003fef100000)]
  0x000001429a1f4100 JavaThread "Unconstrained build operations Thread 31" [_thread_blocked, id=8092, stack(0x0000003fef100000,0x0000003fef200000)]
  0x000001429a1f3c30 JavaThread "Unconstrained build operations Thread 32" [_thread_blocked, id=11400, stack(0x0000003fef200000,0x0000003fef300000)]
  0x000001429a1eea60 JavaThread "Unconstrained build operations Thread 33" [_thread_blocked, id=4460, stack(0x0000003fef300000,0x0000003fef400000)]
  0x000001429a1f0c10 JavaThread "included builds" [_thread_blocked, id=9380, stack(0x0000003fef400000,0x0000003fef500000)]
  0x000001429a1f45d0 JavaThread "Execution worker" [_thread_blocked, id=2176, stack(0x0000003fef500000,0x0000003fef600000)]
  0x000001429a1f1a80 JavaThread "Execution worker Thread 2" [_thread_blocked, id=8872, stack(0x0000003fef600000,0x0000003fef700000)]
  0x000001429a1f10e0 JavaThread "Execution worker Thread 3" [_thread_blocked, id=14028, stack(0x0000003fef700000,0x0000003fef800000)]
  0x000001429a1f3760 JavaThread "Cache worker for execution history cache (D:\AndroidStudioProjects\MySchool\buildSrc\.gradle\8.0.1\executionHistory)" [_thread_blocked, id=14496, stack(0x0000003fef800000,0x0000003fef900000)]
  0x000001429a1f15b0 JavaThread "idea-tooling-model-converter" [_thread_blocked, id=4480, stack(0x0000003fef900000,0x0000003fefa00000)]

Other Threads:
=>0x00000142f6033f90 VMThread "VM Thread" [stack: 0x0000003fea300000,0x0000003fea400000] [id=14220]
  0x000001429a0aae50 WatcherThread "VM Periodic Task Thread" [stack: 0x0000003feaf00000,0x0000003feb000000] [id=13900]
  0x00000142f601ad80 WorkerThread "GC Thread#0" [stack: 0x0000003fe9e00000,0x0000003fe9f00000] [id=980]
  0x000001429aaf8730 WorkerThread "GC Thread#1" [stack: 0x0000003feb100000,0x0000003feb200000] [id=9264]
  0x000001429aaf89d0 WorkerThread "GC Thread#2" [stack: 0x0000003feb200000,0x0000003feb300000] [id=7592]
  0x000001429aaf8c70 WorkerThread "GC Thread#3" [stack: 0x0000003feb300000,0x0000003feb400000] [id=6612]
  0x00000142f602bbc0 ConcurrentGCThread "G1 Main Marker" [stack: 0x0000003fe9f00000,0x0000003fea000000] [id=8528]
  0x00000142f602cd00 WorkerThread "G1 Conc#0" [stack: 0x0000003fea000000,0x0000003fea100000] [id=14860]
  0x00000142f6080fa0 ConcurrentGCThread "G1 Refine#0" [stack: 0x0000003fea100000,0x0000003fea200000] [id=10328]
  0x000001429db70660 ConcurrentGCThread "G1 Refine#1" [stack: 0x0000003fecd00000,0x0000003fece00000] [id=6316]
  0x000001429db700c0 ConcurrentGCThread "G1 Refine#2" [stack: 0x0000003fece00000,0x0000003fecf00000] [id=2760]
  0x00000142f60827d0 ConcurrentGCThread "G1 Service" [stack: 0x0000003fea200000,0x0000003fea300000] [id=5376]

Threads with active compile tasks:

VM state: at safepoint (normal execution)

VM Mutex/Monitor currently owned by a thread:  ([mutex/lock_event])
[0x00000142f5fb89e0] Threads_lock - owner thread: 0x00000142f6033f90
[0x00000142f5fb84d0] Heap_lock - owner thread: 0x00000142f602bbc0

Heap address: 0x0000000080000000, size: 2048 MB, Compressed Oops mode: 32-bit

CDS archive(s) mapped at: [0x0000000800000000-0x0000000800ba0000-0x0000000800ba0000), size 12189696, SharedBaseAddress: 0x0000000800000000, ArchiveRelocationMode: 0.
Compressed class space mapped at: 0x0000000800c00000-0x0000000840c00000, reserved size: 1073741824
Narrow klass base: 0x0000000800000000, Narrow klass shift: 0, Narrow klass range: 0x100000000

GC Precious Log:
 CardTable entry size: 512
 Card Set container configuration: InlinePtr #cards 5 size 8 Array Of Cards #cards 12 size 40 Howl #buckets 4 coarsen threshold 1843 Howl Bitmap #cards 512 size 80 coarsen threshold 460 Card regions per heap region 1 cards per card region 2048
 CPUs: 4 total, 4 available
 Memory: 12226M
 Large Page Support: Disabled
 NUMA Support: Disabled
 Compressed Oops: Enabled (32-bit)
 Heap Region Size: 1M
 Heap Min Capacity: 8M
 Heap Initial Capacity: 192M
 Heap Max Capacity: 2G
 Pre-touch: Disabled
 Parallel Workers: 4
 Concurrent Workers: 1
 Concurrent Refinement Workers: 4
 Periodic GC: Disabled

Heap:
 garbage-first heap   total 208896K, used 160609K [0x0000000080000000, 0x0000000100000000)
  region size 1024K, 7 young (7168K), 3 survivors (3072K)
 Metaspace       used 64814K, committed 66752K, reserved 1114112K
  class space    used 9123K, committed 10112K, reserved 1048576K

Heap Regions: E=young(eden), S=young(survivor), O=old, HS=humongous(starts), HC=humongous(continues), CS=collection set, F=free, OA=open archive, CA=closed archive, TAMS=top-at-mark-start (previous, next)
|   0|0x0000000080000000, 0x0000000080100000, 0x0000000080100000|100%|HS|  |TAMS 0x0000000080100000, 0x0000000080000000| Complete 
|   1|0x0000000080100000, 0x0000000080200000, 0x0000000080200000|100%|HC|  |TAMS 0x0000000080200000, 0x0000000080100000| Complete 
|   2|0x0000000080200000, 0x0000000080300000, 0x0000000080300000|100%|HC|  |TAMS 0x0000000080300000, 0x0000000080200000| Complete 
|   3|0x0000000080300000, 0x0000000080400000, 0x0000000080400000|100%|HC|  |TAMS 0x0000000080400000, 0x0000000080300000| Complete 
|   4|0x0000000080400000, 0x0000000080500000, 0x0000000080500000|100%| O|  |TAMS 0x0000000080500000, 0x0000000080400000| Untracked 
|   5|0x0000000080500000, 0x0000000080600000, 0x0000000080600000|100%| O|  |TAMS 0x0000000080600000, 0x0000000080500000| Untracked 
|   6|0x0000000080600000, 0x0000000080700000, 0x0000000080700000|100%| O|  |TAMS 0x0000000080700000, 0x0000000080600000| Untracked 
|   7|0x0000000080700000, 0x0000000080800000, 0x0000000080800000|100%| O|  |TAMS 0x0000000080800000, 0x0000000080700000| Untracked 
|   8|0x0000000080800000, 0x0000000080900000, 0x0000000080900000|100%| O|  |TAMS 0x0000000080900000, 0x0000000080800000| Untracked 
|   9|0x0000000080900000, 0x0000000080a00000, 0x0000000080a00000|100%| O|  |TAMS 0x0000000080a00000, 0x0000000080900000| Untracked 
|  10|0x0000000080a00000, 0x0000000080b00000, 0x0000000080b00000|100%| O|  |TAMS 0x0000000080b00000, 0x0000000080a00000| Updating 
|  11|0x0000000080b00000, 0x0000000080c00000, 0x0000000080c00000|100%| O|  |TAMS 0x0000000080c00000, 0x0000000080b00000| Untracked 
|  12|0x0000000080c00000, 0x0000000080d00000, 0x0000000080d00000|100%|HS|  |TAMS 0x0000000080d00000, 0x0000000080c00000| Complete 
|  13|0x0000000080d00000, 0x0000000080e00000, 0x0000000080e00000|100%|HC|  |TAMS 0x0000000080e00000, 0x0000000080d00000| Complete 
|  14|0x0000000080e00000, 0x0000000080f00000, 0x0000000080f00000|100%|HS|  |TAMS 0x0000000080f00000, 0x0000000080e00000| Complete 
|  15|0x0000000080f00000, 0x0000000081000000, 0x0000000081000000|100%|HC|  |TAMS 0x0000000081000000, 0x0000000080f00000| Complete 
|  16|0x0000000081000000, 0x0000000081100000, 0x0000000081100000|100%|HC|  |TAMS 0x0000000081100000, 0x0000000081000000| Complete 
|  17|0x0000000081100000, 0x0000000081200000, 0x0000000081200000|100%|HS|  |TAMS 0x0000000081200000, 0x0000000081100000| Complete 
|  18|0x0000000081200000, 0x0000000081300000, 0x0000000081300000|100%|HC|  |TAMS 0x0000000081300000, 0x0000000081200000| Complete 
|  19|0x0000000081300000, 0x0000000081400000, 0x0000000081400000|100%|HC|  |TAMS 0x0000000081400000, 0x0000000081300000| Complete 
|  20|0x0000000081400000, 0x0000000081500000, 0x0000000081500000|100%|HS|  |TAMS 0x0000000081500000, 0x0000000081400000| Complete 
|  21|0x0000000081500000, 0x0000000081600000, 0x0000000081600000|100%|HC|  |TAMS 0x0000000081600000, 0x0000000081500000| Complete 
|  22|0x0000000081600000, 0x0000000081700000, 0x0000000081700000|100%|HS|  |TAMS 0x0000000081700000, 0x0000000081600000| Complete 
|  23|0x0000000081700000, 0x0000000081800000, 0x0000000081800000|100%|HC|  |TAMS 0x0000000081800000, 0x0000000081700000| Complete 
|  24|0x0000000081800000, 0x0000000081900000, 0x0000000081900000|100%|HC|  |TAMS 0x0000000081900000, 0x0000000081800000| Complete 
|  25|0x0000000081900000, 0x0000000081a00000, 0x0000000081a00000|100%|HC|  |TAMS 0x0000000081a00000, 0x0000000081900000| Complete 
|  26|0x0000000081a00000, 0x0000000081b00000, 0x0000000081b00000|100%|HC|  |TAMS 0x0000000081b00000, 0x0000000081a00000| Complete 
|  27|0x0000000081b00000, 0x0000000081c00000, 0x0000000081c00000|100%|HC|  |TAMS 0x0000000081c00000, 0x0000000081b00000| Complete 
|  28|0x0000000081c00000, 0x0000000081d00000, 0x0000000081d00000|100%|HC|  |TAMS 0x0000000081d00000, 0x0000000081c00000| Complete 
|  29|0x0000000081d00000, 0x0000000081e00000, 0x0000000081e00000|100%|HC|  |TAMS 0x0000000081e00000, 0x0000000081d00000| Complete 
|  30|0x0000000081e00000, 0x0000000081f00000, 0x0000000081f00000|100%|HC|  |TAMS 0x0000000081f00000, 0x0000000081e00000| Complete 
|  31|0x0000000081f00000, 0x0000000082000000, 0x0000000082000000|100%|HC|  |TAMS 0x0000000082000000, 0x0000000081f00000| Complete 
|  32|0x0000000082000000, 0x0000000082100000, 0x0000000082100000|100%|HS|  |TAMS 0x0000000082100000, 0x0000000082000000| Complete 
|  33|0x0000000082100000, 0x0000000082200000, 0x0000000082200000|100%|HC|  |TAMS 0x0000000082200000, 0x0000000082100000| Complete 
|  34|0x0000000082200000, 0x0000000082300000, 0x0000000082300000|100%|HS|  |TAMS 0x0000000082300000, 0x0000000082200000| Complete 
|  35|0x0000000082300000, 0x0000000082400000, 0x0000000082400000|100%|HC|  |TAMS 0x0000000082400000, 0x0000000082300000| Complete 
|  36|0x0000000082400000, 0x0000000082500000, 0x0000000082500000|100%|HC|  |TAMS 0x0000000082500000, 0x0000000082400000| Complete 
|  37|0x0000000082500000, 0x0000000082600000, 0x0000000082600000|100%|HC|  |TAMS 0x0000000082600000, 0x0000000082500000| Complete 
|  38|0x0000000082600000, 0x0000000082700000, 0x0000000082700000|100%|HC|  |TAMS 0x0000000082700000, 0x0000000082600000| Complete 
|  39|0x0000000082700000, 0x0000000082800000, 0x0000000082800000|100%| O|  |TAMS 0x0000000082800000, 0x0000000082700000| Untracked 
|  40|0x0000000082800000, 0x0000000082900000, 0x0000000082900000|100%| O|  |TAMS 0x0000000082900000, 0x0000000082800000| Updating 
|  41|0x0000000082900000, 0x0000000082a00000, 0x0000000082a00000|100%| O|  |TAMS 0x0000000082a00000, 0x0000000082900000| Updating 
|  42|0x0000000082a00000, 0x0000000082b00000, 0x0000000082b00000|100%| O|  |TAMS 0x0000000082b00000, 0x0000000082a00000| Updating 
|  43|0x0000000082b00000, 0x0000000082c00000, 0x0000000082c00000|100%| O|  |TAMS 0x0000000082c00000, 0x0000000082b00000| Updating 
|  44|0x0000000082c00000, 0x0000000082d00000, 0x0000000082d00000|100%| O|  |TAMS 0x0000000082d00000, 0x0000000082c00000| Untracked 
|  45|0x0000000082d00000, 0x0000000082e00000, 0x0000000082e00000|100%| O|  |TAMS 0x0000000082e00000, 0x0000000082d00000| Untracked 
|  46|0x0000000082e00000, 0x0000000082f00000, 0x0000000082f00000|100%| O|  |TAMS 0x0000000082f00000, 0x0000000082e00000| Untracked 
|  47|0x0000000082f00000, 0x0000000083000000, 0x0000000083000000|100%| O|  |TAMS 0x0000000083000000, 0x0000000082f00000| Untracked 
|  48|0x0000000083000000, 0x0000000083100000, 0x0000000083100000|100%| O|  |TAMS 0x0000000083100000, 0x0000000083000000| Untracked 
|  49|0x0000000083100000, 0x0000000083200000, 0x0000000083200000|100%| O|  |TAMS 0x0000000083200000, 0x0000000083100000| Untracked 
|  50|0x0000000083200000, 0x0000000083300000, 0x0000000083300000|100%| O|  |TAMS 0x0000000083300000, 0x0000000083200000| Untracked 
|  51|0x0000000083300000, 0x0000000083400000, 0x0000000083400000|100%| O|  |TAMS 0x0000000083400000, 0x0000000083300000| Untracked 
|  52|0x0000000083400000, 0x0000000083500000, 0x0000000083500000|100%| O|  |TAMS 0x0000000083500000, 0x0000000083400000| Untracked 
|  53|0x0000000083500000, 0x0000000083600000, 0x0000000083600000|100%| O|  |TAMS 0x0000000083600000, 0x0000000083500000| Untracked 
|  54|0x0000000083600000, 0x0000000083700000, 0x0000000083700000|100%| O|  |TAMS 0x0000000083700000, 0x0000000083600000| Untracked 
|  55|0x0000000083700000, 0x0000000083800000, 0x0000000083800000|100%| O|  |TAMS 0x0000000083800000, 0x0000000083700000| Untracked 
|  56|0x0000000083800000, 0x0000000083900000, 0x0000000083900000|100%| O|  |TAMS 0x0000000083900000, 0x0000000083800000| Untracked 
|  57|0x0000000083900000, 0x0000000083a00000, 0x0000000083a00000|100%| O|  |TAMS 0x0000000083a00000, 0x0000000083900000| Untracked 
|  58|0x0000000083a00000, 0x0000000083b00000, 0x0000000083b00000|100%| O|  |TAMS 0x0000000083b00000, 0x0000000083a00000| Untracked 
|  59|0x0000000083b00000, 0x0000000083c00000, 0x0000000083c00000|100%| O|  |TAMS 0x0000000083c00000, 0x0000000083b00000| Untracked 
|  60|0x0000000083c00000, 0x0000000083d00000, 0x0000000083d00000|100%| O|  |TAMS 0x0000000083d00000, 0x0000000083c00000| Updating 
|  61|0x0000000083d00000, 0x0000000083e00000, 0x0000000083e00000|100%|HS|  |TAMS 0x0000000083e00000, 0x0000000083d00000| Complete 
|  62|0x0000000083e00000, 0x0000000083f00000, 0x0000000083f00000|100%|HC|  |TAMS 0x0000000083f00000, 0x0000000083e00000| Complete 
|  63|0x0000000083f00000, 0x0000000084000000, 0x0000000084000000|100%|HC|  |TAMS 0x0000000084000000, 0x0000000083f00000| Complete 
|  64|0x0000000084000000, 0x0000000084100000, 0x0000000084100000|100%|HS|  |TAMS 0x0000000084100000, 0x0000000084000000| Complete 
|  65|0x0000000084100000, 0x0000000084200000, 0x0000000084200000|100%|HC|  |TAMS 0x0000000084200000, 0x0000000084100000| Complete 
|  66|0x0000000084200000, 0x0000000084300000, 0x0000000084300000|100%|HC|  |TAMS 0x0000000084300000, 0x0000000084200000| Complete 
|  67|0x0000000084300000, 0x0000000084400000, 0x0000000084400000|100%|HC|  |TAMS 0x0000000084400000, 0x0000000084300000| Complete 
|  68|0x0000000084400000, 0x0000000084500000, 0x0000000084500000|100%|HC|  |TAMS 0x0000000084500000, 0x0000000084400000| Complete 
|  69|0x0000000084500000, 0x0000000084600000, 0x0000000084600000|100%|HC|  |TAMS 0x0000000084600000, 0x0000000084500000| Complete 
|  70|0x0000000084600000, 0x0000000084700000, 0x0000000084700000|100%|HC|  |TAMS 0x0000000084700000, 0x0000000084600000| Complete 
|  71|0x0000000084700000, 0x0000000084800000, 0x0000000084800000|100%|HC|  |TAMS 0x0000000084800000, 0x0000000084700000| Complete 
|  72|0x0000000084800000, 0x0000000084900000, 0x0000000084900000|100%|HC|  |TAMS 0x0000000084900000, 0x0000000084800000| Complete 
|  73|0x0000000084900000, 0x0000000084a00000, 0x0000000084a00000|100%|HC|  |TAMS 0x0000000084a00000, 0x0000000084900000| Complete 
|  74|0x0000000084a00000, 0x0000000084b00000, 0x0000000084b00000|100%|HS|  |TAMS 0x0000000084b00000, 0x0000000084a00000| Complete 
|  75|0x0000000084b00000, 0x0000000084c00000, 0x0000000084c00000|100%|HC|  |TAMS 0x0000000084c00000, 0x0000000084b00000| Complete 
|  76|0x0000000084c00000, 0x0000000084d00000, 0x0000000084d00000|100%|HS|  |TAMS 0x0000000084d00000, 0x0000000084c00000| Complete 
|  77|0x0000000084d00000, 0x0000000084e00000, 0x0000000084e00000|100%|HC|  |TAMS 0x0000000084e00000, 0x0000000084d00000| Complete 
|  78|0x0000000084e00000, 0x0000000084f00000, 0x0000000084f00000|100%|HS|  |TAMS 0x0000000084f00000, 0x0000000084e00000| Complete 
|  79|0x0000000084f00000, 0x0000000085000000, 0x0000000085000000|100%|HC|  |TAMS 0x0000000085000000, 0x0000000084f00000| Complete 
|  80|0x0000000085000000, 0x0000000085100000, 0x0000000085100000|100%|HC|  |TAMS 0x0000000085100000, 0x0000000085000000| Complete 
|  81|0x0000000085100000, 0x0000000085200000, 0x0000000085200000|100%|HS|  |TAMS 0x0000000085200000, 0x0000000085100000| Complete 
|  82|0x0000000085200000, 0x0000000085300000, 0x0000000085300000|100%|HC|  |TAMS 0x0000000085300000, 0x0000000085200000| Complete 
|  83|0x0000000085300000, 0x0000000085400000, 0x0000000085400000|100%|HC|  |TAMS 0x0000000085400000, 0x0000000085300000| Complete 
|  84|0x0000000085400000, 0x0000000085500000, 0x0000000085500000|100%|HC|  |TAMS 0x0000000085500000, 0x0000000085400000| Complete 
|  85|0x0000000085500000, 0x0000000085600000, 0x0000000085600000|100%|HC|  |TAMS 0x0000000085600000, 0x0000000085500000| Complete 
|  86|0x0000000085600000, 0x0000000085700000, 0x0000000085700000|100%| O|  |TAMS 0x0000000085700000, 0x0000000085600000| Updating 
|  87|0x0000000085700000, 0x0000000085800000, 0x0000000085800000|100%| O|  |TAMS 0x0000000085800000, 0x0000000085700000| Untracked 
|  88|0x0000000085800000, 0x0000000085900000, 0x0000000085900000|100%| O|  |TAMS 0x0000000085900000, 0x0000000085800000| Updating 
|  89|0x0000000085900000, 0x0000000085a00000, 0x0000000085a00000|100%| O|  |TAMS 0x0000000085a00000, 0x0000000085900000| Untracked 
|  90|0x0000000085a00000, 0x0000000085b00000, 0x0000000085b00000|100%| O|  |TAMS 0x0000000085b00000, 0x0000000085a00000| Untracked 
|  91|0x0000000085b00000, 0x0000000085c00000, 0x0000000085c00000|100%| O|  |TAMS 0x0000000085c00000, 0x0000000085b00000| Untracked 
|  92|0x0000000085c00000, 0x0000000085d00000, 0x0000000085d00000|100%| O|  |TAMS 0x0000000085d00000, 0x0000000085c00000| Untracked 
|  93|0x0000000085d00000, 0x0000000085e00000, 0x0000000085e00000|100%| O|  |TAMS 0x0000000085e00000, 0x0000000085d00000| Untracked 
|  94|0x0000000085e00000, 0x0000000085f00000, 0x0000000085f00000|100%| O|  |TAMS 0x0000000085f00000, 0x0000000085e00000| Untracked 
|  95|0x0000000085f00000, 0x0000000086000000, 0x0000000086000000|100%| O|  |TAMS 0x0000000086000000, 0x0000000085f00000| Untracked 
|  96|0x0000000086000000, 0x0000000086100000, 0x0000000086100000|100%| O|  |TAMS 0x0000000086100000, 0x0000000086000000| Untracked 
|  97|0x0000000086100000, 0x0000000086200000, 0x0000000086200000|100%| O|  |TAMS 0x0000000086200000, 0x0000000086100000| Updating 
|  98|0x0000000086200000, 0x0000000086300000, 0x0000000086300000|100%|HS|  |TAMS 0x0000000086300000, 0x0000000086200000| Complete 
|  99|0x0000000086300000, 0x0000000086400000, 0x0000000086400000|100%|HC|  |TAMS 0x0000000086400000, 0x0000000086300000| Complete 
| 100|0x0000000086400000, 0x0000000086500000, 0x0000000086500000|100%|HS|  |TAMS 0x0000000086500000, 0x0000000086400000| Complete 
| 101|0x0000000086500000, 0x0000000086600000, 0x0000000086600000|100%|HC|  |TAMS 0x0000000086600000, 0x0000000086500000| Complete 
| 102|0x0000000086600000, 0x0000000086700000, 0x0000000086700000|100%|HC|  |TAMS 0x0000000086700000, 0x0000000086600000| Complete 
| 103|0x0000000086700000, 0x0000000086800000, 0x0000000086800000|100%|HC|  |TAMS 0x0000000086800000, 0x0000000086700000| Complete 
| 104|0x0000000086800000, 0x0000000086900000, 0x0000000086900000|100%| O|  |TAMS 0x0000000086900000, 0x0000000086800000| Updating 
| 105|0x0000000086900000, 0x0000000086900000, 0x0000000086a00000|  0%| F|  |TAMS 0x0000000086900000, 0x0000000086900000| Untracked 
| 106|0x0000000086a00000, 0x0000000086b00000, 0x0000000086b00000|100%| O|  |TAMS 0x0000000086b00000, 0x0000000086a00000| Updating 
| 107|0x0000000086b00000, 0x0000000086c00000, 0x0000000086c00000|100%| O|  |TAMS 0x0000000086c00000, 0x0000000086b00000| Updating 
| 108|0x0000000086c00000, 0x0000000086d00000, 0x0000000086d00000|100%| O|  |TAMS 0x0000000086d00000, 0x0000000086c00000| Untracked 
| 109|0x0000000086d00000, 0x0000000086e00000, 0x0000000086e00000|100%| O|  |TAMS 0x0000000086e00000, 0x0000000086d00000| Untracked 
| 110|0x0000000086e00000, 0x0000000086f00000, 0x0000000086f00000|100%| O|  |TAMS 0x0000000086f00000, 0x0000000086e00000| Untracked 
| 111|0x0000000086f00000, 0x0000000087000000, 0x0000000087000000|100%| O|  |TAMS 0x0000000087000000, 0x0000000086f00000| Updating 
| 112|0x0000000087000000, 0x0000000087100000, 0x0000000087100000|100%| O|  |TAMS 0x0000000087100000, 0x0000000087000000| Updating 
| 113|0x0000000087100000, 0x0000000087200000, 0x0000000087200000|100%|HS|  |TAMS 0x0000000087200000, 0x0000000087100000| Complete 
| 114|0x0000000087200000, 0x0000000087300000, 0x0000000087300000|100%|HC|  |TAMS 0x0000000087300000, 0x0000000087200000| Complete 
| 115|0x0000000087300000, 0x0000000087400000, 0x0000000087400000|100%|HS|  |TAMS 0x0000000087400000, 0x0000000087300000| Complete 
| 116|0x0000000087400000, 0x0000000087500000, 0x0000000087500000|100%|HC|  |TAMS 0x0000000087500000, 0x0000000087400000| Complete 
| 117|0x0000000087500000, 0x0000000087600000, 0x0000000087600000|100%|HC|  |TAMS 0x0000000087600000, 0x0000000087500000| Complete 
| 118|0x0000000087600000, 0x0000000087700000, 0x0000000087700000|100%|HS|  |TAMS 0x0000000087700000, 0x0000000087600000| Complete 
| 119|0x0000000087700000, 0x0000000087800000, 0x0000000087800000|100%|HC|  |TAMS 0x0000000087800000, 0x0000000087700000| Complete 
| 120|0x0000000087800000, 0x0000000087900000, 0x0000000087900000|100%|HC|  |TAMS 0x0000000087900000, 0x0000000087800000| Complete 
| 121|0x0000000087900000, 0x0000000087a00000, 0x0000000087a00000|100%|HS|  |TAMS 0x0000000087a00000, 0x0000000087900000| Complete 
| 122|0x0000000087a00000, 0x0000000087b00000, 0x0000000087b00000|100%|HC|  |TAMS 0x0000000087b00000, 0x0000000087a00000| Complete 
| 123|0x0000000087b00000, 0x0000000087c00000, 0x0000000087c00000|100%|HS|  |TAMS 0x0000000087c00000, 0x0000000087b00000| Complete 
| 124|0x0000000087c00000, 0x0000000087d00000, 0x0000000087d00000|100%|HC|  |TAMS 0x0000000087d00000, 0x0000000087c00000| Complete 
| 125|0x0000000087d00000, 0x0000000087e00000, 0x0000000087e00000|100%|HC|  |TAMS 0x0000000087e00000, 0x0000000087d00000| Complete 
| 126|0x0000000087e00000, 0x0000000087f00000, 0x0000000087f00000|100%|HC|  |TAMS 0x0000000087f00000, 0x0000000087e00000| Complete 
| 127|0x0000000087f00000, 0x0000000088000000, 0x0000000088000000|100%|HC|  |TAMS 0x0000000088000000, 0x0000000087f00000| Complete 
| 128|0x0000000088000000, 0x0000000088100000, 0x0000000088100000|100%|HC|  |TAMS 0x0000000088100000, 0x0000000088000000| Complete 
| 129|0x0000000088100000, 0x0000000088200000, 0x0000000088200000|100%|HC|  |TAMS 0x0000000088200000, 0x0000000088100000| Complete 
| 130|0x0000000088200000, 0x0000000088300000, 0x0000000088300000|100%|HC|  |TAMS 0x0000000088300000, 0x0000000088200000| Complete 
| 131|0x0000000088300000, 0x0000000088400000, 0x0000000088400000|100%|HC|  |TAMS 0x0000000088400000, 0x0000000088300000| Complete 
| 132|0x0000000088400000, 0x0000000088500000, 0x0000000088500000|100%|HC|  |TAMS 0x0000000088500000, 0x0000000088400000| Complete 
| 133|0x0000000088500000, 0x0000000088600000, 0x0000000088600000|100%|HS|  |TAMS 0x0000000088600000, 0x0000000088500000| Complete 
| 134|0x0000000088600000, 0x0000000088700000, 0x0000000088700000|100%|HC|  |TAMS 0x0000000088700000, 0x0000000088600000| Complete 
| 135|0x0000000088700000, 0x0000000088800000, 0x0000000088800000|100%|HS|  |TAMS 0x0000000088800000, 0x0000000088700000| Complete 
| 136|0x0000000088800000, 0x0000000088900000, 0x0000000088900000|100%|HC|  |TAMS 0x0000000088900000, 0x0000000088800000| Complete 
| 137|0x0000000088900000, 0x0000000088a00000, 0x0000000088a00000|100%|HC|  |TAMS 0x0000000088a00000, 0x0000000088900000| Complete 
| 138|0x0000000088a00000, 0x0000000088b00000, 0x0000000088b00000|100%|HC|  |TAMS 0x0000000088b00000, 0x0000000088a00000| Complete 
| 139|0x0000000088b00000, 0x0000000088c00000, 0x0000000088c00000|100%|HC|  |TAMS 0x0000000088c00000, 0x0000000088b00000| Complete 
| 140|0x0000000088c00000, 0x0000000088d00000, 0x0000000088d00000|100%| O|  |TAMS 0x0000000088d00000, 0x0000000088c00000| Untracked 
| 141|0x0000000088d00000, 0x0000000088e00000, 0x0000000088e00000|100%| O|  |TAMS 0x0000000088e00000, 0x0000000088d00000| Updating 
| 142|0x0000000088e00000, 0x0000000088f00000, 0x0000000088f00000|100%| O|  |TAMS 0x0000000088f00000, 0x0000000088e00000| Untracked 
| 143|0x0000000088f00000, 0x0000000089000000, 0x0000000089000000|100%| O|  |TAMS 0x0000000089000000, 0x0000000088f00000| Updating 
| 144|0x0000000089000000, 0x0000000089100000, 0x0000000089100000|100%| O|  |TAMS 0x0000000089100000, 0x0000000089000000| Untracked 
| 145|0x0000000089100000, 0x0000000089200000, 0x0000000089200000|100%| O|  |TAMS 0x0000000089200000, 0x0000000089100000| Untracked 
| 146|0x0000000089200000, 0x0000000089300000, 0x0000000089300000|100%| O|  |TAMS 0x0000000089300000, 0x0000000089200000| Untracked 
| 147|0x0000000089300000, 0x0000000089400000, 0x0000000089400000|100%| O|  |TAMS 0x0000000089400000, 0x0000000089300000| Untracked 
| 148|0x0000000089400000, 0x0000000089500000, 0x0000000089500000|100%| O|  |TAMS 0x0000000089500000, 0x0000000089400000| Untracked 
| 149|0x0000000089500000, 0x0000000089600000, 0x0000000089600000|100%| O|  |TAMS 0x0000000089600000, 0x0000000089500000| Updating 
| 150|0x0000000089600000, 0x0000000089700000, 0x0000000089700000|100%| O|  |TAMS 0x0000000089700000, 0x0000000089600000| Updating 
| 151|0x0000000089700000, 0x00000000897d8600, 0x0000000089800000| 84%| O|  |TAMS 0x000000008973d200, 0x0000000089700000| Updating 
| 152|0x0000000089800000, 0x0000000089800000, 0x0000000089900000|  0%| F|  |TAMS 0x0000000089800000, 0x0000000089800000| Untracked 
| 153|0x0000000089900000, 0x0000000089900000, 0x0000000089a00000|  0%| F|  |TAMS 0x0000000089900000, 0x0000000089900000| Untracked 
| 154|0x0000000089a00000, 0x0000000089a00000, 0x0000000089b00000|  0%| F|  |TAMS 0x0000000089a00000, 0x0000000089a00000| Untracked 
| 155|0x0000000089b00000, 0x0000000089b00000, 0x0000000089c00000|  0%| F|  |TAMS 0x0000000089b00000, 0x0000000089b00000| Untracked 
| 156|0x0000000089c00000, 0x0000000089c00000, 0x0000000089d00000|  0%| F|  |TAMS 0x0000000089c00000, 0x0000000089c00000| Untracked 
| 157|0x0000000089d00000, 0x0000000089d00000, 0x0000000089e00000|  0%| F|  |TAMS 0x0000000089d00000, 0x0000000089d00000| Untracked 
| 158|0x0000000089e00000, 0x0000000089e00000, 0x0000000089f00000|  0%| F|  |TAMS 0x0000000089e00000, 0x0000000089e00000| Untracked 
| 159|0x0000000089f00000, 0x0000000089f00000, 0x000000008a000000|  0%| F|  |TAMS 0x0000000089f00000, 0x0000000089f00000| Untracked 
| 160|0x000000008a000000, 0x000000008a000000, 0x000000008a100000|  0%| F|  |TAMS 0x000000008a000000, 0x000000008a000000| Untracked 
| 161|0x000000008a100000, 0x000000008a100000, 0x000000008a200000|  0%| F|  |TAMS 0x000000008a100000, 0x000000008a100000| Untracked 
| 162|0x000000008a200000, 0x000000008a200000, 0x000000008a300000|  0%| F|  |TAMS 0x000000008a200000, 0x000000008a200000| Untracked 
| 163|0x000000008a300000, 0x000000008a300000, 0x000000008a400000|  0%| F|  |TAMS 0x000000008a300000, 0x000000008a300000| Untracked 
| 164|0x000000008a400000, 0x000000008a400000, 0x000000008a500000|  0%| F|  |TAMS 0x000000008a400000, 0x000000008a400000| Untracked 
| 165|0x000000008a500000, 0x000000008a500000, 0x000000008a600000|  0%| F|  |TAMS 0x000000008a500000, 0x000000008a500000| Untracked 
| 166|0x000000008a600000, 0x000000008a600000, 0x000000008a700000|  0%| F|  |TAMS 0x000000008a600000, 0x000000008a600000| Untracked 
| 167|0x000000008a700000, 0x000000008a700000, 0x000000008a800000|  0%| F|  |TAMS 0x000000008a700000, 0x000000008a700000| Untracked 
| 168|0x000000008a800000, 0x000000008a800000, 0x000000008a900000|  0%| F|  |TAMS 0x000000008a800000, 0x000000008a800000| Untracked 
| 169|0x000000008a900000, 0x000000008a900000, 0x000000008aa00000|  0%| F|  |TAMS 0x000000008a900000, 0x000000008a900000| Untracked 
| 170|0x000000008aa00000, 0x000000008aa00000, 0x000000008ab00000|  0%| F|  |TAMS 0x000000008aa00000, 0x000000008aa00000| Untracked 
| 171|0x000000008ab00000, 0x000000008ab00000, 0x000000008ac00000|  0%| F|  |TAMS 0x000000008ab00000, 0x000000008ab00000| Untracked 
| 172|0x000000008ac00000, 0x000000008ac00000, 0x000000008ad00000|  0%| F|  |TAMS 0x000000008ac00000, 0x000000008ac00000| Untracked 
| 173|0x000000008ad00000, 0x000000008ad00000, 0x000000008ae00000|  0%| F|  |TAMS 0x000000008ad00000, 0x000000008ad00000| Untracked 
| 174|0x000000008ae00000, 0x000000008ae00000, 0x000000008af00000|  0%| F|  |TAMS 0x000000008ae00000, 0x000000008ae00000| Untracked 
| 175|0x000000008af00000, 0x000000008af00000, 0x000000008b000000|  0%| F|  |TAMS 0x000000008af00000, 0x000000008af00000| Untracked 
| 176|0x000000008b000000, 0x000000008b000000, 0x000000008b100000|  0%| F|  |TAMS 0x000000008b000000, 0x000000008b000000| Untracked 
| 177|0x000000008b100000, 0x000000008b100000, 0x000000008b200000|  0%| F|  |TAMS 0x000000008b100000, 0x000000008b100000| Untracked 
| 178|0x000000008b200000, 0x000000008b300000, 0x000000008b300000|100%| S|CS|TAMS 0x000000008b200000, 0x000000008b200000| Complete 
| 179|0x000000008b300000, 0x000000008b400000, 0x000000008b400000|100%| S|CS|TAMS 0x000000008b300000, 0x000000008b300000| Complete 
| 180|0x000000008b400000, 0x000000008b500000, 0x000000008b500000|100%| S|CS|TAMS 0x000000008b400000, 0x000000008b400000| Complete 
| 181|0x000000008b500000, 0x000000008b500000, 0x000000008b600000|  0%| F|  |TAMS 0x000000008b500000, 0x000000008b500000| Untracked 
| 182|0x000000008b600000, 0x000000008b600000, 0x000000008b700000|  0%| F|  |TAMS 0x000000008b600000, 0x000000008b600000| Untracked 
| 183|0x000000008b700000, 0x000000008b700000, 0x000000008b800000|  0%| F|  |TAMS 0x000000008b700000, 0x000000008b700000| Untracked 
| 184|0x000000008b800000, 0x000000008b800000, 0x000000008b900000|  0%| F|  |TAMS 0x000000008b800000, 0x000000008b800000| Untracked 
| 185|0x000000008b900000, 0x000000008b900000, 0x000000008ba00000|  0%| F|  |TAMS 0x000000008b900000, 0x000000008b900000| Untracked 
| 186|0x000000008ba00000, 0x000000008ba00000, 0x000000008bb00000|  0%| F|  |TAMS 0x000000008ba00000, 0x000000008ba00000| Untracked 
| 187|0x000000008bb00000, 0x000000008bb00000, 0x000000008bc00000|  0%| F|  |TAMS 0x000000008bb00000, 0x000000008bb00000| Untracked 
| 188|0x000000008bc00000, 0x000000008bc00000, 0x000000008bd00000|  0%| F|  |TAMS 0x000000008bc00000, 0x000000008bc00000| Untracked 
| 189|0x000000008bd00000, 0x000000008bd00000, 0x000000008be00000|  0%| F|  |TAMS 0x000000008bd00000, 0x000000008bd00000| Untracked 
| 190|0x000000008be00000, 0x000000008be00000, 0x000000008bf00000|  0%| F|  |TAMS 0x000000008be00000, 0x000000008be00000| Untracked 
| 191|0x000000008bf00000, 0x000000008bf00000, 0x000000008c000000|  0%| F|  |TAMS 0x000000008bf00000, 0x000000008bf00000| Untracked 
| 192|0x000000008c000000, 0x000000008c000000, 0x000000008c100000|  0%| F|  |TAMS 0x000000008c000000, 0x000000008c000000| Untracked 
| 193|0x000000008c100000, 0x000000008c100000, 0x000000008c200000|  0%| F|  |TAMS 0x000000008c100000, 0x000000008c100000| Untracked 
| 194|0x000000008c200000, 0x000000008c200000, 0x000000008c300000|  0%| F|  |TAMS 0x000000008c200000, 0x000000008c200000| Untracked 
| 195|0x000000008c300000, 0x000000008c300000, 0x000000008c400000|  0%| F|  |TAMS 0x000000008c300000, 0x000000008c300000| Untracked 
| 196|0x000000008c400000, 0x000000008c400000, 0x000000008c500000|  0%| F|  |TAMS 0x000000008c400000, 0x000000008c400000| Untracked 
| 197|0x000000008c500000, 0x000000008c500000, 0x000000008c600000|  0%| F|  |TAMS 0x000000008c500000, 0x000000008c500000| Untracked 
| 198|0x000000008c600000, 0x000000008c600000, 0x000000008c700000|  0%| F|  |TAMS 0x000000008c600000, 0x000000008c600000| Untracked 
| 199|0x000000008c700000, 0x000000008c700000, 0x000000008c800000|  0%| F|  |TAMS 0x000000008c700000, 0x000000008c700000| Untracked 
| 200|0x000000008c800000, 0x000000008c80b078, 0x000000008c900000|  4%| E|  |TAMS 0x000000008c800000, 0x000000008c800000| Complete 
| 201|0x000000008c900000, 0x000000008ca00000, 0x000000008ca00000|100%| E|CS|TAMS 0x000000008c900000, 0x000000008c900000| Complete 
| 202|0x000000008ca00000, 0x000000008cb00000, 0x000000008cb00000|100%| E|CS|TAMS 0x000000008ca00000, 0x000000008ca00000| Complete 
| 203|0x000000008cb00000, 0x000000008cc00000, 0x000000008cc00000|100%| E|CS|TAMS 0x000000008cb00000, 0x000000008cb00000| Complete 

Card table byte_map: [0x000001428f000000,0x000001428f400000] _byte_map_base: 0x000001428ec00000

Marking Bits (Prev, Next): (CMBitMap*) 0x00000142f601b2d0, (CMBitMap*) 0x00000142f601b290
 Prev Bits: [0x0000014291800000, 0x0000014293800000)
 Next Bits: [0x000001428f800000, 0x0000014291800000)

Polling page: 0x00000142f5e40000

Metaspace:

Usage:
  Non-class:     54.39 MB used.
      Class:      8.91 MB used.
       Both:     63.30 MB used.

Virtual space:
  Non-class space:       64.00 MB reserved,      55.31 MB ( 86%) committed,  1 nodes.
      Class space:        1.00 GB reserved,       9.88 MB ( <1%) committed,  1 nodes.
             Both:        1.06 GB reserved,      65.19 MB (  6%) committed. 

Chunk freelists:
   Non-Class:  448.00 KB
       Class:  2.08 MB
        Both:  2.52 MB

MaxMetaspaceSize: unlimited
CompressedClassSpaceSize: 1.00 GB
Initial GC threshold: 21.00 MB
Current GC threshold: 100.31 MB
CDS: on
MetaspaceReclaimPolicy: balanced
 - commit_granule_bytes: 65536.
 - commit_granule_words: 8192.
 - virtual_space_node_default_size: 8388608.
 - enlarge_chunks_in_place: 1.
 - new_chunks_are_fully_committed: 0.
 - uncommit_free_chunks: 1.
 - use_allocation_guard: 0.


Internal statistics:

num_allocs_failed_limit: 9.
num_arena_births: 3476.
num_arena_deaths: 0.
num_vsnodes_births: 2.
num_vsnodes_deaths: 0.
num_space_committed: 1043.
num_space_uncommitted: 0.
num_chunks_returned_to_freelist: 9.
num_chunks_taken_from_freelist: 6592.
num_chunk_merges: 9.
num_chunk_splits: 4260.
num_chunks_enlarged: 2572.
num_inconsistent_stats: 0.

CodeHeap 'non-profiled nmethods': size=120000Kb used=3642Kb max_used=3642Kb free=116357Kb
 bounds [0x0000014287ad0000, 0x0000014287e60000, 0x000001428f000000]
CodeHeap 'profiled nmethods': size=120000Kb used=13303Kb max_used=13303Kb free=106696Kb
 bounds [0x00000142805a0000, 0x00000142812a0000, 0x0000014287ad0000]
CodeHeap 'non-nmethods': size=5760Kb used=2376Kb max_used=2450Kb free=3383Kb
 bounds [0x0000014280000000, 0x0000014280270000, 0x00000142805a0000]
 total_blobs=7786 nmethods=6895 adapters=803
 compilation: enabled
              stopped_count=0, restarted_count=0
 full_count=0

Compilation events (20 events):
Event: 7.171 Thread 0x0000014295b7b7b0 7738       1       org.gradle.internal.component.external.model.GradleDependencyMetadata::isChanging (2 bytes)
Event: 7.171 Thread 0x0000014295b7b7b0 nmethod 7738 0x0000014287e5bb90 code [0x0000014287e5bd20, 0x0000014287e5bdf8]
Event: 7.171 Thread 0x0000014295b7b7b0 7741       3       org.gradle.api.internal.artifacts.dsl.ComponentMetadataRuleContainer::isEmpty (10 bytes)
Event: 7.171 Thread 0x0000014295b7b7b0 nmethod 7741 0x000001428129ce90 code [0x000001428129d040, 0x000001428129d208]
Event: 7.172 Thread 0x0000014295b7aec0 7742       4       org.gradle.api.internal.attributes.DefaultImmutableAttributesFactory::concat (12 bytes)
Event: 7.172 Thread 0x000001429a0fc9d0 7743       4       org.gradle.api.internal.attributes.DefaultImmutableAttributesFactory::isolate (40 bytes)
Event: 7.190 Thread 0x0000014295b7aec0 nmethod 7742 0x0000014287e5be90 code [0x0000014287e5c060, 0x0000014287e5c808]
Event: 7.193 Thread 0x000001429a0fc9d0 nmethod 7743 0x0000014287e5cc90 code [0x0000014287e5ce40, 0x0000014287e5d1c8]
Event: 7.251 Thread 0x000001429a0fc9d0 7744       4       org.gradle.api.internal.artifacts.ivyservice.modulecache.ModuleMetadataSerializer$Reader::readString (10 bytes)
Event: 7.251 Thread 0x0000014295b7b7b0 7745       3       com.google.common.collect.SingletonImmutableBiMap::containsKey (9 bytes)
Event: 7.251 Thread 0x0000014295b7b7b0 nmethod 7745 0x000001428129d310 code [0x000001428129d4c0, 0x000001428129d688]
Event: 7.256 Thread 0x000001429a0fc9d0 nmethod 7744 0x0000014287e5d410 code [0x0000014287e5d620, 0x0000014287e5dcb0]
Event: 7.259 Thread 0x0000014295b7b7b0 7746       1       org.gradle.internal.component.external.model.ConfigurationBoundExternalDependencyMetadata::isTransitive (5 bytes)
Event: 7.259 Thread 0x0000014295b7b7b0 nmethod 7746 0x0000014287e5e290 code [0x0000014287e5e420, 0x0000014287e5e4f8]
Event: 7.259 Thread 0x0000014295b7b7b0 7747       1       org.gradle.internal.component.external.model.maven.MavenDependencyDescriptor::isChanging (2 bytes)
Event: 7.259 Thread 0x0000014295b7b7b0 nmethod 7747 0x0000014287e5e590 code [0x0000014287e5e720, 0x0000014287e5e7f8]
Event: 7.259 Thread 0x0000014295b7b7b0 7748       1       org.gradle.internal.component.external.model.ImmutableCapability::getCapabilityId (5 bytes)
Event: 7.259 Thread 0x0000014295b7b7b0 nmethod 7748 0x0000014287e5e890 code [0x0000014287e5ea20, 0x0000014287e5eaf8]
Event: 7.259 Thread 0x0000014295b7b7b0 7749       3       org.gradle.api.internal.artifacts.ivyservice.resolveengine.graph.builder.DependencyGraphBuilder::resolveEdges (43 bytes)
Event: 7.259 Thread 0x0000014295b7b7b0 nmethod 7749 0x000001428129d790 code [0x000001428129d980, 0x000001428129dd18]

GC Heap History (20 events):
Event: 3.104 GC heap before
{Heap before GC invocations=6 (full 0):
 garbage-first heap   total 188416K, used 63303K [0x0000000080000000, 0x0000000100000000)
  region size 1024K, 9 young (9216K), 8 survivors (8192K)
 Metaspace       used 32900K, committed 34112K, reserved 1114112K
  class space    used 4691K, committed 5312K, reserved 1048576K
}
Event: 3.109 GC heap after
{Heap after GC invocations=7 (full 0):
 garbage-first heap   total 188416K, used 62059K [0x0000000080000000, 0x0000000100000000)
  region size 1024K, 1 young (1024K), 1 survivors (1024K)
 Metaspace       used 32900K, committed 34112K, reserved 1114112K
  class space    used 4691K, committed 5312K, reserved 1048576K
}
Event: 3.247 GC heap before
{Heap before GC invocations=7 (full 0):
 garbage-first heap   total 188416K, used 76395K [0x0000000080000000, 0x0000000100000000)
  region size 1024K, 14 young (14336K), 1 survivors (1024K)
 Metaspace       used 34835K, committed 36096K, reserved 1114112K
  class space    used 4848K, committed 5504K, reserved 1048576K
}
Event: 3.249 GC heap after
{Heap after GC invocations=8 (full 0):
 garbage-first heap   total 188416K, used 62695K [0x0000000080000000, 0x0000000100000000)
  region size 1024K, 2 young (2048K), 2 survivors (2048K)
 Metaspace       used 34835K, committed 36096K, reserved 1114112K
  class space    used 4848K, committed 5504K, reserved 1048576K
}
Event: 4.100 GC heap before
{Heap before GC invocations=9 (full 0):
 garbage-first heap   total 188416K, used 144615K [0x0000000080000000, 0x0000000100000000)
  region size 1024K, 62 young (63488K), 2 survivors (2048K)
 Metaspace       used 41295K, committed 42752K, reserved 1114112K
  class space    used 5730K, committed 6464K, reserved 1048576K
}
Event: 4.106 GC heap after
{Heap after GC invocations=10 (full 0):
 garbage-first heap   total 188416K, used 91037K [0x0000000080000000, 0x0000000100000000)
  region size 1024K, 10 young (10240K), 10 survivors (10240K)
 Metaspace       used 41295K, committed 42752K, reserved 1114112K
  class space    used 5730K, committed 6464K, reserved 1048576K
}
Event: 4.796 GC heap before
{Heap before GC invocations=10 (full 0):
 garbage-first heap   total 188416K, used 151453K [0x0000000080000000, 0x0000000100000000)
  region size 1024K, 64 young (65536K), 10 survivors (10240K)
 Metaspace       used 47907K, committed 49728K, reserved 1114112K
  class space    used 6809K, committed 7744K, reserved 1048576K
}
Event: 4.804 GC heap after
{Heap after GC invocations=11 (full 0):
 garbage-first heap   total 188416K, used 100476K [0x0000000080000000, 0x0000000100000000)
  region size 1024K, 5 young (5120K), 5 survivors (5120K)
 Metaspace       used 47907K, committed 49728K, reserved 1114112K
  class space    used 6809K, committed 7744K, reserved 1048576K
}
Event: 5.211 GC heap before
{Heap before GC invocations=11 (full 0):
 garbage-first heap   total 188416K, used 136316K [0x0000000080000000, 0x0000000100000000)
  region size 1024K, 41 young (41984K), 5 survivors (5120K)
 Metaspace       used 50353K, committed 52224K, reserved 1114112K
  class space    used 7169K, committed 8128K, reserved 1048576K
}
Event: 5.216 GC heap after
{Heap after GC invocations=12 (full 0):
 garbage-first heap   total 188416K, used 104647K [0x0000000080000000, 0x0000000100000000)
  region size 1024K, 5 young (5120K), 5 survivors (5120K)
 Metaspace       used 50353K, committed 52224K, reserved 1114112K
  class space    used 7169K, committed 8128K, reserved 1048576K
}
Event: 5.795 GC heap before
{Heap before GC invocations=13 (full 0):
 garbage-first heap   total 193536K, used 157895K [0x0000000080000000, 0x0000000100000000)
  region size 1024K, 51 young (52224K), 5 survivors (5120K)
 Metaspace       used 55255K, committed 57088K, reserved 1114112K
  class space    used 7822K, committed 8768K, reserved 1048576K
}
Event: 5.800 GC heap after
{Heap after GC invocations=14 (full 0):
 garbage-first heap   total 193536K, used 114888K [0x0000000080000000, 0x0000000100000000)
  region size 1024K, 5 young (5120K), 5 survivors (5120K)
 Metaspace       used 55255K, committed 57088K, reserved 1114112K
  class space    used 7822K, committed 8768K, reserved 1048576K
}
Event: 6.240 GC heap before
{Heap before GC invocations=14 (full 0):
 garbage-first heap   total 193536K, used 158920K [0x0000000080000000, 0x0000000100000000)
  region size 1024K, 48 young (49152K), 5 survivors (5120K)
 Metaspace       used 59335K, committed 61184K, reserved 1114112K
  class space    used 8327K, committed 9280K, reserved 1048576K
}
Event: 6.245 GC heap after
{Heap after GC invocations=15 (full 0):
 garbage-first heap   total 193536K, used 119895K [0x0000000080000000, 0x0000000100000000)
  region size 1024K, 5 young (5120K), 5 survivors (5120K)
 Metaspace       used 59335K, committed 61184K, reserved 1114112K
  class space    used 8327K, committed 9280K, reserved 1048576K
}
Event: 6.725 GC heap before
{Heap before GC invocations=16 (full 0):
 garbage-first heap   total 208896K, used 184407K [0x0000000080000000, 0x0000000100000000)
  region size 1024K, 42 young (43008K), 5 survivors (5120K)
 Metaspace       used 63461K, committed 65408K, reserved 1114112K
  class space    used 8956K, committed 9920K, reserved 1048576K
}
Event: 6.731 GC heap after
{Heap after GC invocations=17 (full 0):
 garbage-first heap   total 208896K, used 154551K [0x0000000080000000, 0x0000000100000000)
  region size 1024K, 6 young (6144K), 6 survivors (6144K)
 Metaspace       used 63461K, committed 65408K, reserved 1114112K
  class space    used 8956K, committed 9920K, reserved 1048576K
}
Event: 6.772 GC heap before
{Heap before GC invocations=17 (full 0):
 garbage-first heap   total 208896K, used 158647K [0x0000000080000000, 0x0000000100000000)
  region size 1024K, 10 young (10240K), 6 survivors (6144K)
 Metaspace       used 63792K, committed 65792K, reserved 1114112K
  class space    used 8995K, committed 9984K, reserved 1048576K
}
Event: 6.774 GC heap after
{Heap after GC invocations=18 (full 0):
 garbage-first heap   total 208896K, used 154387K [0x0000000080000000, 0x0000000100000000)
  region size 1024K, 1 young (1024K), 1 survivors (1024K)
 Metaspace       used 63792K, committed 65792K, reserved 1114112K
  class space    used 8995K, committed 9984K, reserved 1048576K
}
Event: 7.127 GC heap before
{Heap before GC invocations=18 (full 0):
 garbage-first heap   total 208896K, used 176915K [0x0000000080000000, 0x0000000100000000)
  region size 1024K, 23 young (23552K), 1 survivors (1024K)
 Metaspace       used 64749K, committed 66688K, reserved 1114112K
  class space    used 9123K, committed 10112K, reserved 1048576K
}
Event: 7.131 GC heap after
{Heap after GC invocations=19 (full 0):
 garbage-first heap   total 208896K, used 157537K [0x0000000080000000, 0x0000000100000000)
  region size 1024K, 3 young (3072K), 3 survivors (3072K)
 Metaspace       used 64749K, committed 66688K, reserved 1114112K
  class space    used 9123K, committed 10112K, reserved 1048576K
}

Deoptimization events (20 events):
Event: 6.984 Thread 0x000001429b7dda70 Uncommon trap: trap_request=0xffffff45 fr.pc=0x0000014287afa39c relative=0x0000000000000c9c
Event: 6.984 Thread 0x000001429b7dda70 Uncommon trap: reason=unstable_if action=reinterpret pc=0x0000014287afa39c method=com.esotericsoftware.kryo.io.Input.readString()Ljava/lang/String; @ 28 c2
Event: 6.984 Thread 0x000001429b7dda70 DEOPT PACKING pc=0x0000014287afa39c sp=0x0000003febafa720
Event: 6.984 Thread 0x000001429b7dda70 DEOPT UNPACKING pc=0x00000142800523a3 sp=0x0000003febafa6f8 mode 2
Event: 7.046 Thread 0x000001429b7dda70 Uncommon trap: trap_request=0xffffffde fr.pc=0x0000014287b057b0 relative=0x00000000000001b0
Event: 7.046 Thread 0x000001429b7dda70 Uncommon trap: reason=class_check action=maybe_recompile pc=0x0000014287b057b0 method=java.lang.String.equals(Ljava/lang/Object;)Z @ 8 c2
Event: 7.046 Thread 0x000001429b7dda70 DEOPT PACKING pc=0x0000014287b057b0 sp=0x0000003febafa870
Event: 7.046 Thread 0x000001429b7dda70 DEOPT UNPACKING pc=0x00000142800523a3 sp=0x0000003febafa818 mode 2
Event: 7.046 Thread 0x000001429b7dda70 Uncommon trap: trap_request=0xffffffde fr.pc=0x0000014287b057b0 relative=0x00000000000001b0
Event: 7.046 Thread 0x000001429b7dda70 Uncommon trap: reason=class_check action=maybe_recompile pc=0x0000014287b057b0 method=java.lang.String.equals(Ljava/lang/Object;)Z @ 8 c2
Event: 7.046 Thread 0x000001429b7dda70 DEOPT PACKING pc=0x0000014287b057b0 sp=0x0000003febafa870
Event: 7.046 Thread 0x000001429b7dda70 DEOPT UNPACKING pc=0x00000142800523a3 sp=0x0000003febafa818 mode 2
Event: 7.046 Thread 0x000001429b7dda70 Uncommon trap: trap_request=0xffffffde fr.pc=0x0000014287b057b0 relative=0x00000000000001b0
Event: 7.046 Thread 0x000001429b7dda70 Uncommon trap: reason=class_check action=maybe_recompile pc=0x0000014287b057b0 method=java.lang.String.equals(Ljava/lang/Object;)Z @ 8 c2
Event: 7.046 Thread 0x000001429b7dda70 DEOPT PACKING pc=0x0000014287b057b0 sp=0x0000003febafa850
Event: 7.046 Thread 0x000001429b7dda70 DEOPT UNPACKING pc=0x00000142800523a3 sp=0x0000003febafa7f8 mode 2
Event: 7.046 Thread 0x000001429b7dda70 Uncommon trap: trap_request=0xffffffde fr.pc=0x0000014287b057b0 relative=0x00000000000001b0
Event: 7.046 Thread 0x000001429b7dda70 Uncommon trap: reason=class_check action=maybe_recompile pc=0x0000014287b057b0 method=java.lang.String.equals(Ljava/lang/Object;)Z @ 8 c2
Event: 7.046 Thread 0x000001429b7dda70 DEOPT PACKING pc=0x0000014287b057b0 sp=0x0000003febafa850
Event: 7.046 Thread 0x000001429b7dda70 DEOPT UNPACKING pc=0x00000142800523a3 sp=0x0000003febafa7f8 mode 2

Classes loaded (20 events):
Event: 6.578 Loading class java/net/InetAddress$NameServiceAddresses
Event: 6.578 Loading class java/net/InetAddress$Addresses
Event: 6.578 Loading class java/net/InetAddress$Addresses done
Event: 6.578 Loading class java/net/InetAddress$NameServiceAddresses done
Event: 6.578 Loading class java/net/spi/InetAddressResolverProvider
Event: 6.578 Loading class java/net/spi/InetAddressResolverProvider done
Event: 6.581 Loading class sun/net/InetAddressCachePolicy
Event: 6.581 Loading class sun/net/InetAddressCachePolicy done
Event: 6.581 Loading class sun/net/InetAddressCachePolicy$1
Event: 6.581 Loading class sun/net/InetAddressCachePolicy$1 done
Event: 6.581 Loading class sun/net/InetAddressCachePolicy$2
Event: 6.581 Loading class sun/net/InetAddressCachePolicy$2 done
Event: 6.581 Loading class java/net/InetAddress$CachedAddresses
Event: 6.581 Loading class java/net/InetAddress$CachedAddresses done
Event: 6.581 Loading class java/net/InetAddress$CachedLocalHost
Event: 6.581 Loading class java/net/InetAddress$CachedLocalHost done
Event: 6.678 Loading class java/util/TreeMap$KeySpliterator
Event: 6.678 Loading class java/util/TreeMap$KeySpliterator done
Event: 6.690 Loading class java/util/concurrent/ConcurrentLinkedQueue$Itr
Event: 6.690 Loading class java/util/concurrent/ConcurrentLinkedQueue$Itr done

Classes unloaded (0 events):
No events

Classes redefined (0 events):
No events

Internal exceptions (20 events):
Event: 6.779 Thread 0x000001429b7dda70 Exception <a 'java/lang/ClassNotFoundException'{0x000000008c950c20}: org/gradle/api/internal/DefaultNamedDomainObjectCollectionCustomizer> (0x000000008c950c20) 
thrown [s\src\hotspot\share\classfile\systemDictionary.cpp, line 255]
Event: 6.780 Thread 0x000001429b7dda70 Exception <a 'java/lang/ClassNotFoundException'{0x000000008c981520}: org/gradle/api/internal/DefaultNamedDomainObjectSetCustomizer> (0x000000008c981520) 
thrown [s\src\hotspot\share\classfile\systemDictionary.cpp, line 255]
Event: 6.780 Thread 0x000001429b7dda70 Exception <a 'java/lang/ClassNotFoundException'{0x000000008c99e888}: org/gradle/api/internal/AbstractNamedDomainObjectContainerCustomizer> (0x000000008c99e888) 
thrown [s\src\hotspot\share\classfile\systemDictionary.cpp, line 255]
Event: 6.780 Thread 0x000001429b7dda70 Exception <a 'java/lang/ClassNotFoundException'{0x000000008c9b9408}: org/gradle/api/internal/AbstractValidatingNamedDomainObjectContainerCustomizer> (0x000000008c9b9408) 
thrown [s\src\hotspot\share\classfile\systemDictionary.cpp, line 255]
Event: 6.781 Thread 0x000001429b7dda70 Exception <a 'java/lang/ClassNotFoundException'{0x000000008c9cdb08}: org/gradle/api/internal/tasks/DefaultSourceSetContainerCustomizer> (0x000000008c9cdb08) 
thrown [s\src\hotspot\share\classfile\systemDictionary.cpp, line 255]
Event: 6.781 Thread 0x000001429b7dda70 Exception <a 'java/lang/ClassNotFoundException'{0x000000008c9e2860}: org/gradle/api/internal/tasks/DefaultSourceSetContainer_DecoratedCustomizer> (0x000000008c9e2860) 
thrown [s\src\hotspot\share\classfile\systemDictionary.cpp, line 255]
Event: 6.784 Thread 0x000001429b7dda70 Exception <a 'java/lang/ClassNotFoundException'{0x000000008c832e18}: org/jetbrains/plugins/gradle/tooling/tasks/DependenciesReport$ProjectNameFunctionBeanInfo> (0x000000008c832e18) 
thrown [s\src\hotspot\share\classfile\systemDictionary.cpp, line 255]
Event: 6.784 Thread 0x000001429b7dda70 Exception <a 'java/lang/ClassNotFoundException'{0x000000008c83aa30}: org/jetbrains/plugins/gradle/tooling/tasks/DependenciesReport$ProjectNameFunctionCustomizer> (0x000000008c83aa30) 
thrown [s\src\hotspot\share\classfile\systemDictionary.cpp, line 255]
Event: 6.786 Thread 0x000001429b7dda70 Exception <a 'java/lang/ClassNotFoundException'{0x000000008c866f28}: org/jetbrains/plugins/gradle/tooling/tasks/DependenciesReport$ReportGenerator$IdGeneratorBeanInfo> (0x000000008c866f28) 
thrown [s\src\hotspot\share\classfile\systemDictionary.cpp, line 255]
Event: 6.786 Thread 0x000001429b7dda70 Exception <a 'java/lang/ClassNotFoundException'{0x000000008c86ebf8}: org/jetbrains/plugins/gradle/tooling/tasks/DependenciesReport$ReportGenerator$IdGeneratorCustomizer> (0x000000008c86ebf8) 
thrown [s\src\hotspot\share\classfile\systemDictionary.cpp, line 255]
Event: 7.033 Thread 0x000001429b7dda70 Exception <a 'java/lang/ClassNotFoundException'{0x000000008baa3388}: org/gradle/api/internal/artifacts/DefaultDependencySetBeanInfo> (0x000000008baa3388) 
thrown [s\src\hotspot\share\classfile\systemDictionary.cpp, line 255]
Event: 7.033 Thread 0x000001429b7dda70 Exception <a 'java/lang/ClassNotFoundException'{0x000000008baaa390}: org/gradle/api/internal/DelegatingDomainObjectSetBeanInfo> (0x000000008baaa390) 
thrown [s\src\hotspot\share\classfile\systemDictionary.cpp, line 255]
Event: 7.033 Thread 0x000001429b7dda70 Exception <a 'java/lang/ClassNotFoundException'{0x000000008bab1390}: org/gradle/api/internal/DelegatingDomainObjectSetCustomizer> (0x000000008bab1390) 
thrown [s\src\hotspot\share\classfile\systemDictionary.cpp, line 255]
Event: 7.035 Thread 0x000001429b7dda70 Exception <a 'java/lang/ClassNotFoundException'{0x000000008bad76b8}: org/gradle/api/internal/artifacts/DefaultDependencySetCustomizer> (0x000000008bad76b8) 
thrown [s\src\hotspot\share\classfile\systemDictionary.cpp, line 255]
Event: 7.042 Thread 0x000001429b7dda70 Exception <a 'java/lang/ClassNotFoundException'{0x000000008b944028}: org/gradle/api/internal/artifacts/ivyservice/resolveengine/result/ComponentSelectionReasons$DefaultComponentSelectionReasonBeanInfo> (0x000000008b944028) 
thrown [s\src\hotspot\share\classfile\systemDictionary.cpp, line 255]
Event: 7.043 Thread 0x000001429b7dda70 Exception <a 'java/lang/ClassNotFoundException'{0x000000008b94e440}: org/gradle/api/internal/artifacts/ivyservice/resolveengine/result/ComponentSelectionReasons$DefaultComponentSelectionReasonCustomizer> (0x000000008b94e440) 
thrown [s\src\hotspot\share\classfile\systemDictionary.cpp, line 255]
Event: 7.044 Thread 0x000001429b7dda70 Exception <a 'java/lang/ClassNotFoundException'{0x000000008b96e0a8}: groovy/lang/MetaBeanPropertyBeanInfo> (0x000000008b96e0a8) 
thrown [s\src\hotspot\share\classfile\systemDictionary.cpp, line 255]
Event: 7.044 Thread 0x000001429b7dda70 Exception <a 'java/lang/ClassNotFoundException'{0x000000008b975348}: groovy/lang/MetaPropertyBeanInfo> (0x000000008b975348) 
thrown [s\src\hotspot\share\classfile\systemDictionary.cpp, line 255]
Event: 7.044 Thread 0x000001429b7dda70 Exception <a 'java/lang/ClassNotFoundException'{0x000000008b97c2e8}: groovy/lang/MetaPropertyCustomizer> (0x000000008b97c2e8) 
thrown [s\src\hotspot\share\classfile\systemDictionary.cpp, line 255]
Event: 7.045 Thread 0x000001429b7dda70 Exception <a 'java/lang/ClassNotFoundException'{0x000000008b9883e8}: groovy/lang/MetaBeanPropertyCustomizer> (0x000000008b9883e8) 
thrown [s\src\hotspot\share\classfile\systemDictionary.cpp, line 255]

VM Operations (20 events):
Event: 6.304 Executing VM operation: G1Concurrent done
Event: 6.331 Executing VM operation: G1Concurrent
Event: 6.331 Executing VM operation: G1Concurrent done
Event: 6.648 Executing VM operation: HandshakeAllThreads
Event: 6.648 Executing VM operation: HandshakeAllThreads done
Event: 6.680 Executing VM operation: HandshakeAllThreads
Event: 6.680 Executing VM operation: HandshakeAllThreads done
Event: 6.684 Executing VM operation: HandshakeAllThreads
Event: 6.684 Executing VM operation: HandshakeAllThreads done
Event: 6.725 Executing VM operation: G1CollectForAllocation
Event: 6.733 Executing VM operation: G1CollectForAllocation done
Event: 6.772 Executing VM operation: G1CollectForAllocation
Event: 6.774 Executing VM operation: G1CollectForAllocation done
Event: 6.926 Executing VM operation: ICBufferFull
Event: 6.926 Executing VM operation: ICBufferFull done
Event: 7.126 Executing VM operation: ICBufferFull
Event: 7.126 Executing VM operation: ICBufferFull done
Event: 7.127 Executing VM operation: G1CollectForAllocation
Event: 7.131 Executing VM operation: G1CollectForAllocation done
Event: 7.259 Executing VM operation: G1Concurrent

Events (20 events):
Event: 5.115 Thread 0x000001429d4db950 Thread added: 0x000001429d4db950
Event: 5.115 Thread 0x000001429d4df310 Thread added: 0x000001429d4df310
Event: 5.115 Thread 0x000001429d4dcc90 Thread added: 0x000001429d4dcc90
Event: 5.115 Thread 0x000001429d4df7e0 Thread added: 0x000001429d4df7e0
Event: 5.115 Thread 0x000001429d4e1990 Thread added: 0x000001429d4e1990
Event: 5.116 Thread 0x000001429d4e0180 Thread added: 0x000001429d4e0180
Event: 5.116 Thread 0x000001429d4dfcb0 Thread added: 0x000001429d4dfcb0
Event: 5.116 Thread 0x000001429d4e0650 Thread added: 0x000001429d4e0650
Event: 5.116 Thread 0x000001429d4e0b20 Thread added: 0x000001429d4e0b20
Event: 5.116 Thread 0x000001429d4e0ff0 Thread added: 0x000001429d4e0ff0
Event: 5.116 Thread 0x000001429d4e1e60 Thread added: 0x000001429d4e1e60
Event: 5.116 Thread 0x000001429a1f4100 Thread added: 0x000001429a1f4100
Event: 5.116 Thread 0x000001429a1f3c30 Thread added: 0x000001429a1f3c30
Event: 5.117 Thread 0x000001429a1eea60 Thread added: 0x000001429a1eea60
Event: 6.652 Thread 0x000001429a1f0c10 Thread added: 0x000001429a1f0c10
Event: 6.656 Thread 0x000001429a1f45d0 Thread added: 0x000001429a1f45d0
Event: 6.656 Thread 0x000001429a1f1a80 Thread added: 0x000001429a1f1a80
Event: 6.656 Thread 0x000001429a1f10e0 Thread added: 0x000001429a1f10e0
Event: 6.667 Thread 0x000001429a1f3760 Thread added: 0x000001429a1f3760
Event: 6.696 Thread 0x000001429a1f15b0 Thread added: 0x000001429a1f15b0


Dynamic libraries:
0x00007ff787f80000 - 0x00007ff787f8d000 	D:\jdks\corretto-18.0.2\bin\java.exe
0x00007ffc603f0000 - 0x00007ffc605e8000 	C:\Windows\SYSTEM32\ntdll.dll
0x00007ffc60290000 - 0x00007ffc6034f000 	C:\Windows\System32\KERNEL32.DLL
0x00007ffc5db90000 - 0x00007ffc5de6a000 	C:\Windows\System32\KERNELBASE.dll
0x00007ffc5df10000 - 0x00007ffc5e010000 	C:\Windows\System32\ucrtbase.dll
0x00007ffc596a0000 - 0x00007ffc596b5000 	D:\jdks\corretto-18.0.2\bin\VCRUNTIME140.dll
0x00007ffc58d00000 - 0x00007ffc58d17000 	D:\jdks\corretto-18.0.2\bin\jli.dll
0x00007ffc5ffc0000 - 0x00007ffc6015d000 	C:\Windows\System32\USER32.dll
0x00007ffc5e010000 - 0x00007ffc5e032000 	C:\Windows\System32\win32u.dll
0x00007ffc5ec10000 - 0x00007ffc5ec3b000 	C:\Windows\System32\GDI32.dll
0x00007ffc5e260000 - 0x00007ffc5e370000 	C:\Windows\System32\gdi32full.dll
0x00007ffc49ee0000 - 0x00007ffc4a17a000 	C:\Windows\WinSxS\amd64_microsoft.windows.common-controls_6595b64144ccf1df_6.0.19041.1110_none_60b5254171f9507e\COMCTL32.dll
0x00007ffc5de70000 - 0x00007ffc5df0d000 	C:\Windows\System32\msvcp_win.dll
0x00007ffc5e450000 - 0x00007ffc5e4ee000 	C:\Windows\System32\msvcrt.dll
0x00007ffc5e500000 - 0x00007ffc5e530000 	C:\Windows\System32\IMM32.DLL
0x00007ffc4c880000 - 0x00007ffc4c91b000 	D:\jdks\corretto-18.0.2\bin\msvcp140.dll
0x00007ffc27ce0000 - 0x00007ffc28951000 	D:\jdks\corretto-18.0.2\bin\server\jvm.dll
0x00007ffc5ff10000 - 0x00007ffc5ffbe000 	C:\Windows\System32\ADVAPI32.dll
0x00007ffc5f180000 - 0x00007ffc5f21c000 	C:\Windows\System32\sechost.dll
0x00007ffc60160000 - 0x00007ffc60286000 	C:\Windows\System32\RPCRT4.dll
0x00007ffc5e650000 - 0x00007ffc5e658000 	C:\Windows\System32\PSAPI.DLL
0x00007ffc453e0000 - 0x00007ffc453e9000 	C:\Windows\SYSTEM32\WSOCK32.dll
0x00007ffc4e2c0000 - 0x00007ffc4e2e7000 	C:\Windows\SYSTEM32\WINMM.dll
0x00007ffc5f110000 - 0x00007ffc5f17b000 	C:\Windows\System32\WS2_32.dll
0x00007ffc57c40000 - 0x00007ffc57c4a000 	C:\Windows\SYSTEM32\VERSION.dll
0x00007ffc5b9e0000 - 0x00007ffc5b9f2000 	C:\Windows\SYSTEM32\kernel.appcore.dll
0x00007ffc59500000 - 0x00007ffc5950a000 	D:\jdks\corretto-18.0.2\bin\jimage.dll
0x00007ffc4be40000 - 0x00007ffc4c024000 	C:\Windows\SYSTEM32\DBGHELP.DLL
0x00007ffc4a180000 - 0x00007ffc4a1b4000 	C:\Windows\SYSTEM32\dbgcore.DLL
0x00007ffc5db00000 - 0x00007ffc5db82000 	C:\Windows\System32\bcryptPrimitives.dll
0x00007ffc54f30000 - 0x00007ffc54f55000 	D:\jdks\corretto-18.0.2\bin\java.dll
0x00007ffc4b050000 - 0x00007ffc4b126000 	D:\jdks\corretto-18.0.2\bin\jsvml.dll
0x00007ffc5f760000 - 0x00007ffc5fea4000 	C:\Windows\System32\SHELL32.dll
0x00007ffc5bbe0000 - 0x00007ffc5c373000 	C:\Windows\SYSTEM32\windows.storage.dll
0x00007ffc5e750000 - 0x00007ffc5eaa4000 	C:\Windows\System32\combase.dll
0x00007ffc5d4f0000 - 0x00007ffc5d51e000 	C:\Windows\SYSTEM32\Wldp.dll
0x00007ffc5eab0000 - 0x00007ffc5eb5d000 	C:\Windows\System32\SHCORE.dll
0x00007ffc60350000 - 0x00007ffc603a5000 	C:\Windows\System32\shlwapi.dll
0x00007ffc5da40000 - 0x00007ffc5da5f000 	C:\Windows\SYSTEM32\profapi.dll
0x00007ffc54020000 - 0x00007ffc54033000 	D:\jdks\corretto-18.0.2\bin\net.dll
0x00007ffc58ae0000 - 0x00007ffc58bea000 	C:\Windows\SYSTEM32\WINHTTP.dll
0x00007ffc5d1e0000 - 0x00007ffc5d24a000 	C:\Windows\system32\mswsock.dll
0x00007ffc52bf0000 - 0x00007ffc52c05000 	D:\jdks\corretto-18.0.2\bin\nio.dll
0x00007ffc52bd0000 - 0x00007ffc52be8000 	D:\jdks\corretto-18.0.2\bin\zip.dll
0x00007ffc58cf0000 - 0x00007ffc58d00000 	D:\jdks\corretto-18.0.2\bin\verify.dll
0x00007ffc4c1b0000 - 0x00007ffc4c1d7000 	D:\gradle\native\68d5fa5c4cc2d200863cafc0d521ce42e7d3e7ee720ec0a83991735586a16f82\windows-amd64\native-platform.dll
0x00007ffc47410000 - 0x00007ffc47554000 	D:\gradle\native\e376f236ea51e6404a007f0833ffe2c6e607c4080706a723a18a27aeea778392\windows-amd64\native-platform-file-events.dll
0x00007ffc58cd0000 - 0x00007ffc58cd9000 	D:\jdks\corretto-18.0.2\bin\management.dll
0x00007ffc58cb0000 - 0x00007ffc58cbb000 	D:\jdks\corretto-18.0.2\bin\management_ext.dll
0x00007ffc5d3e0000 - 0x00007ffc5d3f8000 	C:\Windows\SYSTEM32\CRYPTSP.dll
0x00007ffc5cb00000 - 0x00007ffc5cb34000 	C:\Windows\system32\rsaenh.dll
0x00007ffc5e370000 - 0x00007ffc5e397000 	C:\Windows\System32\bcrypt.dll
0x00007ffc5d9c0000 - 0x00007ffc5d9ee000 	C:\Windows\SYSTEM32\USERENV.dll
0x00007ffc5d3d0000 - 0x00007ffc5d3dc000 	C:\Windows\SYSTEM32\CRYPTBASE.dll
0x00007ffc5ced0000 - 0x00007ffc5cf0c000 	C:\Windows\SYSTEM32\IPHLPAPI.DLL
0x00007ffc5e4f0000 - 0x00007ffc5e4f8000 	C:\Windows\System32\NSI.dll
0x00007ffc582a0000 - 0x00007ffc582b7000 	C:\Windows\SYSTEM32\dhcpcsvc6.DLL
0x00007ffc58280000 - 0x00007ffc5829d000 	C:\Windows\SYSTEM32\dhcpcsvc.DLL
0x00007ffc5cf10000 - 0x00007ffc5cfdb000 	C:\Windows\SYSTEM32\DNSAPI.dll
0x00007ffc4bcc0000 - 0x00007ffc4bcd7000 	C:\Windows\system32\napinsp.dll
0x00007ffc47820000 - 0x00007ffc4783b000 	C:\Windows\system32\pnrpnsp.dll
0x00007ffc59610000 - 0x00007ffc5962d000 	C:\Windows\system32\NLAapi.dll
0x00007ffc39170000 - 0x00007ffc39185000 	C:\Windows\system32\wshbth.dll
0x00007ffc45f90000 - 0x00007ffc45fa2000 	C:\Windows\System32\winrnr.dll
0x00007ffc573f0000 - 0x00007ffc573fa000 	C:\Windows\System32\rasadhlp.dll
0x00007ffc55f70000 - 0x00007ffc55ff0000 	C:\Windows\System32\fwpuclnt.dll

dbghelp: loaded successfully - version: 4.0.5 - missing functions: none
symbol engine: initialized successfully - sym options: 0x614 - pdb path: .;D:\jdks\corretto-18.0.2\bin;C:\Windows\SYSTEM32;C:\Windows\WinSxS\amd64_microsoft.windows.common-controls_6595b64144ccf1df_6.0.19041.1110_none_60b5254171f9507e;D:\jdks\corretto-18.0.2\bin\server;D:\gradle\native\68d5fa5c4cc2d200863cafc0d521ce42e7d3e7ee720ec0a83991735586a16f82\windows-amd64;D:\gradle\native\e376f236ea51e6404a007f0833ffe2c6e607c4080706a723a18a27aeea778392\windows-amd64

VM Arguments:
jvm_args: --add-opens=java.base/java.util.concurrent.atomic=ALL-UNNAMED --add-opens=java.base/java.util=ALL-UNNAMED --add-opens=java.base/java.lang=ALL-UNNAMED --add-opens=java.base/java.lang.invoke=ALL-UNNAMED --add-opens=java.prefs/java.util.prefs=ALL-UNNAMED --add-opens=java.base/java.nio.charset=ALL-UNNAMED --add-opens=java.base/java.net=ALL-UNNAMED --add-opens=java.base/java.util.concurrent.atomic=ALL-UNNAMED -Xmx2048m -Dfile.encoding=UTF-8 -Duser.country=RU -Duser.language=ru -Duser.variant 
java_command: org.gradle.launcher.daemon.bootstrap.GradleDaemon 8.0.1
java_class_path (initial): D:\gradle\wrapper\dists\gradle-8.0.1-bin\7rsvvmdp4bsd5fhm7a9cyrnzz\gradle-8.0.1\lib\gradle-launcher-8.0.1.jar
Launcher Type: SUN_STANDARD

[Global flags]
     intx CICompilerCount                          = 3                                         {product} {ergonomic}
     uint ConcGCThreads                            = 1                                         {product} {ergonomic}
     uint G1ConcRefinementThreads                  = 4                                         {product} {ergonomic}
   size_t G1HeapRegionSize                         = 1048576                                   {product} {ergonomic}
    uintx GCDrainStackTargetSize                   = 64                                        {product} {ergonomic}
   size_t InitialHeapSize                          = 201326592                                 {product} {ergonomic}
   size_t MarkStackSize                            = 4194304                                   {product} {ergonomic}
   size_t MaxHeapSize                              = 2147483648                                {product} {command line}
   size_t MaxNewSize                               = 1287651328                                {product} {ergonomic}
   size_t MinHeapDeltaBytes                        = 1048576                                   {product} {ergonomic}
   size_t MinHeapSize                              = 8388608                                   {product} {ergonomic}
    uintx NonNMethodCodeHeapSize                   = 5832780                                {pd product} {ergonomic}
    uintx NonProfiledCodeHeapSize                  = 122912730                              {pd product} {ergonomic}
    uintx ProfiledCodeHeapSize                     = 122912730                              {pd product} {ergonomic}
    uintx ReservedCodeCacheSize                    = 251658240                              {pd product} {ergonomic}
     bool SegmentedCodeCache                       = true                                      {product} {ergonomic}
   size_t SoftMaxHeapSize                          = 2147483648                             {manageable} {ergonomic}
     bool UseCompressedClassPointers               = true                           {product lp64_product} {ergonomic}
     bool UseCompressedOops                        = true                           {product lp64_product} {ergonomic}
     bool UseG1GC                                  = true                                      {product} {ergonomic}
     bool UseLargePagesIndividualAllocation        = false                                  {pd product} {ergonomic}

Logging:
Log output configuration:
 #0: stdout all=warning uptime,level,tags foldmultilines=false
 #1: stderr all=off uptime,level,tags foldmultilines=false

Environment Variables:
PATH=C:\Program Files\Common Files\Oracle\Java\javapath;C:\Windows\system32;C:\Windows;C:\Windows\System32\Wbem;C:\Windows\System32\WindowsPowerShell\v1.0\;C:\Windows\System32\OpenSSH\;C:\Program Files\Git\cmd;C:\Program Files\NVIDIA Corporation\NVIDIA NvDLISR;C:\Program Files (x86)\dotnet\;C:\Program Files\dotnet\;D:\Python\Scripts\;D:\Python\;C:\Users\elise\AppData\Local\Microsoft\WindowsApps;;D:\Programs\PyCharm\bin;;D:\Programs\Microsoft VS Code\bin
USERNAME=root
OS=Windows_NT
PROCESSOR_IDENTIFIER=Intel64 Family 6 Model 158 Stepping 11, GenuineIntel



---------------  S Y S T E M  ---------------

OS:
 Windows 10 , 64 bit Build 19041 (10.0.19041.2788)
OS uptime: 16 days 2:32 hours

CPU: total 4 (initial active 4) (4 cores per cpu, 1 threads per core) family 6 model 158 stepping 11 microcode 0xb4, cx8, cmov, fxsr, mmx, 3dnowpref, sse, sse2, sse3, ssse3, sse4.1, sse4.2, popcnt, lzcnt, tsc, tscinvbit, avx, avx2, aes, erms, clmul, bmi1, bmi2, adx, fma, vzeroupper, clflush, clflushopt

Memory: 4k page, system-wide physical 12226M (2125M free)
TotalPageFile size 26457M (AvailPageFile size 21M)
current process WorkingSet (physical memory assigned to process): 391M, peak: 400M
current process commit charge ("private bytes"): 431M, peak: 491M

vm_info: OpenJDK 64-Bit Server VM (18.0.2+9-FR) for windows-amd64 JRE (18.0.2+9-FR), built on Jul 15 2022 20:03:03 by "Administrator" with MS VC++ 15.9 (VS2017)

END.
